2017-07-29 16:57:19|   0.2|  0.2|INFORM|FME 2017.0.1.0 (20170428 - Build 17288 - macosx)
2017-07-29 16:57:19|   0.2|  0.0|INFORM|FME_HOME is '/Library/FME/2017.0/'
2017-07-29 16:57:19|   0.2|  0.0|INFORM|FME Database Edition (node locked-crc)
2017-07-29 16:57:19|   0.2|  0.0|INFORM|Serial Number: 0
2017-07-29 16:57:19|   0.2|  0.0|INFORM|Temporary License: 30 days left.
2017-07-29 16:57:19|   0.2|  0.0|INFORM|Machine host name is: Hamishs-MacBook-Air.local
2017-07-29 16:57:19|   0.2|  0.0|INFORM|START - ProcessID: 38169, peak process memory usage: 0 kB, current process memory usage: 111544 kB
2017-07-29 16:57:19|   0.2|  0.0|INFORM|FME Configuration: Command line arguments are `/Library/FME/2017.0//bin/fme' `/Users/Hamish/Desktop/govhack/wb-xlate-1501304236651_38141' `LOG_STANDARDOUT' `YES' `LogCountServerName' `{6f18dcd2-0dc4-4142-9426-320d1b2691c3}'
2017-07-29 16:57:19|   0.3|  0.0|INFORM|Shared folders for formats are : /Library/FME/2017.0/datasources;/Users/Hamish/Library/Application Support/FME/Formats
2017-07-29 16:57:19|   0.3|  0.0|INFORM|Shared folders for transformers are : /Library/FME/2017.0/transformers;/Users/Hamish/Library/Application Support/FME/Transformers
2017-07-29 16:57:19|   0.3|  0.0|INFORM|Shared folders for coordinate systems are : /Users/Hamish/Library/Application Support/FME/CoordinateSystems
2017-07-29 16:57:19|   0.3|  0.0|INFORM|Shared folders for coordinate system exceptions are : /Users/Hamish/Library/Application Support/FME/CoordinateSystemExceptions
2017-07-29 16:57:19|   0.3|  0.0|INFORM|Shared folders for coordinate system grid overrides are : /Users/Hamish/Library/Application Support/FME/CoordinateSystemGridOverrides
2017-07-29 16:57:19|   0.3|  0.0|INFORM|Shared folders for CS-MAP transformation exceptions are : /Users/Hamish/Library/Application Support/FME/CsmapTransformationExceptions
2017-07-29 16:57:19|   0.3|  0.0|INFORM|Shared folders for transformer categories are : /Users/Hamish/Library/Application Support/FME/TransformerCategories
2017-07-29 16:57:19|   0.3|  0.0|INFORM|FME Configuration: Reader Keyword is `MULTI_READER'
2017-07-29 16:57:19|   0.3|  0.0|INFORM|FME Configuration: Writer Keyword is `WBROUTER_OUT'
2017-07-29 16:57:19|   0.3|  0.0|INFORM|FME Configuration: Writer Group Definition Keyword is `WBROUTER_OUT_DEF'
2017-07-29 16:57:19|   0.3|  0.0|INFORM|FME Configuration: Reader type is `MULTI_READER'
2017-07-29 16:57:19|   0.3|  0.0|INFORM|FME Configuration: Writer type is `NULL'
2017-07-29 16:57:19|   0.3|  0.0|INFORM|FME Configuration: No destination coordinate system set
2017-07-29 16:57:19|   0.3|  0.0|INFORM|FME Configuration: Current working folder is `/Users/Hamish/Desktop/govhack'
2017-07-29 16:57:19|   0.3|  0.0|INFORM|FME Configuration: Temporary folder is in the system location `/tmp'
2017-07-29 16:57:19|   0.3|  0.0|INFORM|FME Configuration: FME_HOME is `/Library/FME/2017.0/'
2017-07-29 16:57:19|   0.3|  0.0|INFORM|FME Configuration: FME_BASE is 'no'
2017-07-29 16:57:19|   0.3|  0.0|INFORM|FME Configuration: FME_MF_DIR is '/Users/Hamish/Desktop/govhack/'
2017-07-29 16:57:19|   0.3|  0.0|INFORM|FME Configuration: FME_MF_NAME is 'esrishape_esrishape2none.fmw'
2017-07-29 16:57:19|   0.3|  0.0|INFORM|FME Configuration: FME_PRODUCT_NAME is 'FME(R) 2017.0.1.0'
2017-07-29 16:57:19|   0.3|  0.0|INFORM|System Status: 1.47 TB of disk space available in the FME temporary folder (/tmp)
2017-07-29 16:57:19|   0.3|  0.0|INFORM|System Status: 14.11 GB of virtual memory available
2017-07-29 16:57:19|   0.3|  0.0|INFORM|Operating System: Mac OS X Version 10.12.5 (Build 16F73)
2017-07-29 16:57:19|   0.3|  0.0|INFORM|FME Platform: macosx
2017-07-29 16:57:19|   0.3|  0.0|INFORM|The memory allocator being used by FME is : `/usr/lib/system/libsystem_malloc.dylib'
2017-07-29 16:57:19|   0.3|  0.0|INFORM|Locale: en_NZ.UTF-8
2017-07-29 16:57:19|   0.3|  0.0|INFORM|FME Configuration: Process limit is 8.00 GB of physical memory
2017-07-29 16:57:19|   0.3|  0.0|INFORM|FME Configuration: Start freeing memory when process usage exceeds 12.94 GB of virtual memory
2017-07-29 16:57:19|   0.3|  0.0|INFORM|FME Configuration: Stop freeing memory when process usage is below 9.71 GB of virtual memory
2017-07-29 16:57:19|   0.4|  0.1|INFORM|Creating writer for format: NULL (Nothing)
2017-07-29 16:57:19|   0.4|  0.0|INFORM|Trying to find a DYNAMIC plugin for writer named `NULL'
2017-07-29 16:57:19|   0.4|  0.0|INFORM|DYLD_LIBRARY_PATH is not set
2017-07-29 16:57:19|   0.4|  0.0|INFORM|Loaded module 'NULL' from file '/Library/FME/2017.0/plugins/null.so'
2017-07-29 16:57:19|   0.4|  0.0|INFORM|FME API version of module 'NULL' matches current internal version (3.8 20170315)
2017-07-29 16:57:19|   0.4|  0.0|INFORM|Creating reader for format: 
2017-07-29 16:57:19|   0.4|  0.0|INFORM|MULTI_READER(MULTI_READER): Will fail with first member reader failure
2017-07-29 16:57:19|   0.4|  0.0|INFORM|MULTI_READER(MULTI_READER): Adding ESRISHAPE Reader with keyword ESRISHAPE_1
2017-07-29 16:57:19|   0.4|  0.0|INFORM|MULTI_READER(MULTI_READER): Adding ESRISHAPE Reader with keyword ESRISHAPE_2
2017-07-29 16:57:19|   0.4|  0.0|INFORM|Using Multi Reader with keyword `MULTI_READER' to read multiple datasets
2017-07-29 16:57:19|   0.4|  0.1|INFORM|Creating reader for format: Esri Shapefile
2017-07-29 16:57:19|   0.5|  0.0|INFORM|FME Configuration: Source coordinate system for reader ESRISHAPE_1[ESRISHAPE] set to `EPSG:4326'
2017-07-29 16:57:20|   0.8|  0.3|INFORM|Coordinate System `EPSG:4326' parameters: CS_NAME=`LL-WGS84' DESC_NM=`WGS84 Lat/Longs' DT_NAME=`WGS84' GROUP=`LL' MAP_SCL=`1' PROJ=`LL' QUAD=`1' SCL_RED=`1' UNIT=`DEGREE' 
2017-07-29 16:57:20|   0.8|  0.0|INFORM|Using Shape Reader to read shape files from folder `/Users/Hamish/Desktop/govhack/Data/Swimming_Water_Quality_Sites.zip Folder/'
2017-07-29 16:57:20|   0.8|  0.0|INFORM|ESRISHAPE_1 Reader: Using enhanced geometry
2017-07-29 16:57:20|   0.8|  0.0|INFORM|Shape Reader: Using simple donut geometry detection
2017-07-29 16:57:20|   0.8|  0.0|INFORM|Shape Reader: Allowing attribute names with mixed case
2017-07-29 16:57:20|   0.8|  0.0|INFORM|Opened Shape File '/Users/Hamish/Desktop/govhack/Data/Swimming_Water_Quality_Sites.zip Folder/Swimming_Water_Quality_Sites.shp' for input
2017-07-29 16:57:20|   0.8|  0.0|INFORM|Opened DBF File '/Users/Hamish/Desktop/govhack/Data/Swimming_Water_Quality_Sites.zip Folder/Swimming_Water_Quality_Sites.dbf' for input
2017-07-29 16:57:20|   0.8|  0.0|INFORM|DBF Reader: Detected character encoding `utf-8'
2017-07-29 16:57:20|   0.8|  0.0|INFORM|DBF File '/Users/Hamish/Desktop/govhack/Data/Swimming_Water_Quality_Sites.zip Folder/Swimming_Water_Quality_Sites.dbf' has fields: OBJECTID number(10,0), SITE_ID char(80), DISPLAY_NA char(80), AREA_CODE char(80), SHOW_ON_MA char(80), SITE_TYPE char(80), SITE_GRADE char(80), RAIN_AFFEC char(80), SITE_NOT_S char(80), WARNING_TE char(254), NOTE_TEXT char(80), DISPLAY_AR char(80), DISPLAY_GR char(80), DISPLAY_LI char(80), NZMGX number(24,15), NZMGY number(24,15), NZMS260 char(80), NZTMX number(24,15), NZTMY number(24,15), NZTOPO50 char(80), WGS84_LONG number(24,15), WGS84_LATI number(24,15), SOURCECODE char(80), QARCODE number(10,0), CREATEDBY char(80), CREATEDDAT char(80), MODIFIEDBY char(80), MODIFIEDDA char(80), SITE_SAMPL char(80)
2017-07-29 16:57:20|   0.8|  0.0|INFORM|The OGC definition of the FME coordinate system '_LL-WGS84_0' is 'GEOGCS["GCS_WGS_1984",DATUM["D_WGS_1984",SPHEROID["WGS_1984",6378137,298.257223563]],PRIMEM["Greenwich",0],UNIT["Degree",0.017453292519943295]]'
2017-07-29 16:57:20|   0.8|  0.0|WARN  |NOT changing coordinate system of reader identified by keyword `ESRISHAPE_1' from `EPSG:4326' to `_LL-WGS84_0' -- mapping file setting of `EPSG:4326' overrides coordinate system `_LL-WGS84_0' read from file
2017-07-29 16:57:20|   0.8|  0.0|INFORM|Shape Reader: Bounding box of shapefile `/Users/Hamish/Desktop/govhack/Data/Swimming_Water_Quality_Sites.zip Folder/SWIMMING_WATER_QUALITY_SITES' is: (169.84955142300402,-44.79455877643781),(173.75075204377467,-42.304983910441415)
2017-07-29 16:57:20|   0.8|  0.0|INFORM|Shape Reader: Bounding box of shapefile(s) selected from folder `/Users/Hamish/Desktop/govhack/Data/Swimming_Water_Quality_Sites.zip Folder/' is: (169.84955142300402,-44.79455877643781),(173.75075204377467,-42.304983910441415)
2017-07-29 16:57:20|   0.9|  0.0|INFORM|Loaded module 'LogCount_func' from file '/Library/FME/2017.0/plugins/logcount_func.so'
2017-07-29 16:57:20|   0.9|  0.0|INFORM|FME API version of module 'LogCount_func' matches current internal version (3.8 20170315)
2017-07-29 16:57:20|   0.9|  0.0|INFORM|Creating writer for format: FME Feature Store (FFS)
2017-07-29 16:57:20|   0.9|  0.0|INFORM|FME Configuration: No destination coordinate system set
2017-07-29 16:57:20|   0.9|  0.0|INFORM|FME API version of module 'NULL' matches current internal version (3.8 20170315)
2017-07-29 16:57:20|   0.9|  0.0|INFORM|FME API version of module 'NULL' matches current internal version (3.8 20170315)
2017-07-29 16:57:20|   0.9|  0.0|INFORM|FME Configuration: Using FME Reprojection Engine
2017-07-29 16:57:20|   1.0|  0.0|INFORM|Loaded module 'HTTPFactory' from file '/Library/FME/2017.0/plugins/httpfactory.so'
2017-07-29 16:57:20|   1.0|  0.0|INFORM|FME API version of module 'HTTPFactory' matches current internal version (3.8 20170315)
2017-07-29 16:57:20|   1.0|  0.0|INFORM|Loaded module 'JSONQueryFactory' from file '/Library/FME/2017.0/plugins/jsonqueryfactory.so'
2017-07-29 16:57:20|   1.0|  0.0|INFORM|FME API version of module 'JSONQueryFactory' matches current internal version (3.8 20170315)
2017-07-29 16:57:20|   1.0|  0.0|INFORM|CS-MAP Reprojector: Transformation will be automatically selected for 'EPSG:4326' -> 'EPSG:2193', and is not guaranteed to remain the same in future releases of FME
2017-07-29 16:57:20|   1.0|  0.0|INFORM|Reprojector: Using transformation `NZGD2000_to_WGS84,Inverse(Null,EPSG:1565)' when reprojecting from EPSG:4326 to EPSG:2193
2017-07-29 16:57:20|   1.0|  0.0|INFORM|Creating reader for format: Esri Shapefile
2017-07-29 16:57:20|   1.0|  0.0|INFORM|FME Configuration: Source coordinate system for reader ESRISHAPE_2[ESRISHAPE] set to `EPSG:2193'
2017-07-29 16:57:20|   1.0|  0.0|INFORM|Coordinate System `EPSG:2193' parameters: CS_NAME=`NZTM' DESC_NM=`New Zealand Transverse Mercator NZGD2000' DT_NAME=`NZGD2000' GROUP=`AUSNZ' MAP_SCL=`1' MAX_LAT=`34' MAX_LNG=`179.5' MIN_LAT=`-48' MIN_LNG=`165.5' PARM1=`173' PROJ=`TM' QUAD=`1' SCL_RED=`0.99960000000000004' SOURCE=`Land Information New Zealand' UNIT=`METER' X_OFF=`1600000' Y_OFF=`10000000' ZERO_X=`0.0001' ZERO_Y=`0.0001' 
2017-07-29 16:57:20|   1.0|  0.0|INFORM|Using Shape Reader to read shape files from folder `/Users/Hamish/Desktop/govhack/Data/kx-nz-meshblocks-2006-census-SHP.zip Folder/'
2017-07-29 16:57:20|   1.0|  0.0|INFORM|ESRISHAPE_2 Reader: Using enhanced geometry
2017-07-29 16:57:20|   1.0|  0.0|INFORM|Shape Reader: Using simple donut geometry detection
2017-07-29 16:57:20|   1.0|  0.0|INFORM|Shape Reader: Allowing attribute names with mixed case
2017-07-29 16:57:20|   1.0|  0.0|INFORM|Opened Shape File '/Users/Hamish/Desktop/govhack/Data/kx-nz-meshblocks-2006-census-SHP.zip Folder/nz-meshblocks-2006-census.shp' for input
2017-07-29 16:57:20|   1.0|  0.0|INFORM|Opened DBF File '/Users/Hamish/Desktop/govhack/Data/kx-nz-meshblocks-2006-census-SHP.zip Folder/nz-meshblocks-2006-census.dbf' for input
2017-07-29 16:57:20|   1.0|  0.0|INFORM|DBF Reader: Detected character encoding `utf-8'
2017-07-29 16:57:20|   1.0|  0.0|INFORM|DBF File '/Users/Hamish/Desktop/govhack/Data/kx-nz-meshblocks-2006-census-SHP.zip Folder/nz-meshblocks-2006-census.dbf' has fields: MB06 char(7), REGC06 char(2), CON06 char(4), MCON06 char(4), TA06 char(3), WARD06 char(5), CB06 char(5), TASUB06 char(5), AU06 char(6), UA06 char(3), GED02 char(3), MED02 char(1), TA06V2 char(3), WARD06V2 char(5), CB06V2 char(5), TASUB06V2 char(5)
2017-07-29 16:57:20|   1.1|  0.0|INFORM|Predefined coordinate system `NZTM' (New Zealand Transverse Mercator NZGD2000) matches dataset coordinate system 
2017-07-29 16:57:20|   1.1|  0.0|INFORM|The OGC definition of the FME coordinate system '_NZTM_0' is 'PROJCS["NZGD_2000_New_Zealand_Transverse_Mercator",GEOGCS["GCS_NZGD_2000",DATUM["D_NZGD_2000",SPHEROID["GRS_1980",6378137.0,298.257222101]],PRIMEM["Greenwich",0.0],UNIT["Degree",0.017453292519943295]],PROJECTION["Transverse_Mercator"],PARAMETER["False_Easting",1600000.0],PARAMETER["False_Northing",10000000.0],PARAMETER["Central_Meridian",173.0],PARAMETER["Scale_Factor",0.9996],PARAMETER["Latitude_Of_Origin",0.0],UNIT["Meter",1.0]]'
2017-07-29 16:57:20|   1.1|  0.0|WARN  |NOT changing coordinate system of reader identified by keyword `ESRISHAPE_2' from `EPSG:2193' to `_NZTM_0' -- mapping file setting of `EPSG:2193' overrides coordinate system `_NZTM_0' read from file
2017-07-29 16:57:20|   1.1|  0.0|INFORM|Shape Reader: Bounding box of shapefile `/Users/Hamish/Desktop/govhack/Data/kx-nz-meshblocks-2006-census-SHP.zip Folder/NZ-MESHBLOCKS-2006-CENSUS' is: (1067061.1551500321,4701317.3015370555),(2114868.1430419395,6242140.2114904998)
2017-07-29 16:57:20|   1.1|  0.0|INFORM|Shape Reader: Bounding box of shapefile(s) selected from folder `/Users/Hamish/Desktop/govhack/Data/kx-nz-meshblocks-2006-census-SHP.zip Folder/' is: (1067061.1551500321,4701317.3015370555),(2114868.1430419395,6242140.2114904998)
2017-07-29 16:57:20|   1.1|  0.0|INFORM|CS-MAP Reprojector: Transformation will be automatically selected for 'EPSG:2193' -> 'LL-WGS84', and is not guaranteed to remain the same in future releases of FME
2017-07-29 16:57:20|   1.1|  0.0|INFORM|Reprojector: Using transformation `NZGD2000_to_WGS84,Forward(Null,EPSG:1565)' when reprojecting from EPSG:2193 to LL-WGS84
2017-07-29 16:57:20|   1.1|  0.0|INFORM|ListExploder(ElementFactory): No MODE specified.  Using default processing mode (CLASSIC)
2017-07-29 16:57:20|   1.1|  0.0|INFORM|CS-MAP Reprojector: Transformation will be automatically selected for 'EPSG:2193' -> 'EPSG:4326', and is not guaranteed to remain the same in future releases of FME
2017-07-29 16:57:20|   1.1|  0.0|INFORM|Reprojector: Using transformation `NZGD2000_to_WGS84,Forward(Null,EPSG:1565)' when reprojecting from EPSG:2193 to EPSG:4326
2017-07-29 16:57:21|   1.1|  0.0|INFORM|HTTPCaller(HTTPFactory): HTTP/FTP Transfer: Downloading resource 'https://route.cit.api.here.com/routing/7.2/calculateroute.json?app_id=G5t7Re1mgxWAa6MWeia9&app_code=2y-0mPdZ0QIoQ-qRrwvgMw&waypoint0=geo!-44.434878741968291,170.84078636713605&waypoint1=geo!-44.521676668812901,170.9295595817735&mode=fastest;car;traffic:disabled' to internal memory buffer
2017-07-29 16:57:21|   1.1|  0.0|INFORM|HTTPCaller(HTTPFactory): HTTP transfer summary - status code: 200, download size: '1067 bytes', DNS lookup time: '0.091462 seconds', total transfer time: '1.112687 seconds', url: 'https://route.cit.api.here.com/routing/7.2/calculateroute.json?app_id=G5t7Re1mgxWAa6MWeia9&app_code=2y-0mPdZ0QIoQ-qRrwvgMw&waypoint0=geo!-44.434878741968291,170.84078636713605&waypoint1=geo!-44.521676668812901,170.9295595817735&mode=fastest;car;traffic:disabled'
2017-07-29 16:57:21|   1.2|  0.0|STATS |Storing feature(s) to FME feature store file `/tmp/esrishape_esrishape2none_165719/inspector.ffs'
2017-07-29 16:57:22|   1.2|  0.1|INFORM|HTTPCaller(HTTPFactory): HTTP/FTP Transfer: Downloading resource 'https://route.cit.api.here.com/routing/7.2/calculateroute.json?app_id=G5t7Re1mgxWAa6MWeia9&app_code=2y-0mPdZ0QIoQ-qRrwvgMw&waypoint0=geo!-44.434878741968291,170.84078636713605&waypoint1=geo!-44.395483119895282,171.04158278497025&mode=fastest;car;traffic:disabled' to internal memory buffer
2017-07-29 16:57:22|   1.2|  0.0|INFORM|HTTPCaller(HTTPFactory): HTTP transfer summary - status code: 200, download size: '1056 bytes', DNS lookup time: '9.8e-05 seconds', total transfer time: '0.24249 seconds', url: 'https://route.cit.api.here.com/routing/7.2/calculateroute.json?app_id=G5t7Re1mgxWAa6MWeia9&app_code=2y-0mPdZ0QIoQ-qRrwvgMw&waypoint0=geo!-44.434878741968291,170.84078636713605&waypoint1=geo!-44.395483119895282,171.04158278497025&mode=fastest;car;traffic:disabled'
2017-07-29 16:57:22|   1.2|  0.0|INFORM|HTTPCaller(HTTPFactory): HTTP/FTP Transfer: Downloading resource 'https://route.cit.api.here.com/routing/7.2/calculateroute.json?app_id=G5t7Re1mgxWAa6MWeia9&app_code=2y-0mPdZ0QIoQ-qRrwvgMw&waypoint0=geo!-44.434878741968291,170.84078636713605&waypoint1=geo!-44.459399373238526,171.13723962162985&mode=fastest;car;traffic:disabled' to internal memory buffer
2017-07-29 16:57:22|   1.2|  0.0|INFORM|HTTPCaller(HTTPFactory): HTTP transfer summary - status code: 200, download size: '1066 bytes', DNS lookup time: '3.8e-05 seconds', total transfer time: '0.205834 seconds', url: 'https://route.cit.api.here.com/routing/7.2/calculateroute.json?app_id=G5t7Re1mgxWAa6MWeia9&app_code=2y-0mPdZ0QIoQ-qRrwvgMw&waypoint0=geo!-44.434878741968291,170.84078636713605&waypoint1=geo!-44.459399373238526,171.13723962162985&mode=fastest;car;traffic:disabled'
2017-07-29 16:57:22|   1.2|  0.0|INFORM|HTTPCaller(HTTPFactory): HTTP/FTP Transfer: Downloading resource 'https://route.cit.api.here.com/routing/7.2/calculateroute.json?app_id=G5t7Re1mgxWAa6MWeia9&app_code=2y-0mPdZ0QIoQ-qRrwvgMw&waypoint0=geo!-44.434878741968291,170.84078636713605&waypoint1=geo!-44.250080118503114,171.13937610992213&mode=fastest;car;traffic:disabled' to internal memory buffer
2017-07-29 16:57:22|   1.2|  0.0|INFORM|HTTPCaller(HTTPFactory): HTTP transfer summary - status code: 200, download size: '1144 bytes', DNS lookup time: '4.1e-05 seconds', total transfer time: '0.196437 seconds', url: 'https://route.cit.api.here.com/routing/7.2/calculateroute.json?app_id=G5t7Re1mgxWAa6MWeia9&app_code=2y-0mPdZ0QIoQ-qRrwvgMw&waypoint0=geo!-44.434878741968291,170.84078636713605&waypoint1=geo!-44.250080118503114,171.13937610992213&mode=fastest;car;traffic:disabled'
2017-07-29 16:57:22|   1.2|  0.0|INFORM|HTTPCaller(HTTPFactory): HTTP/FTP Transfer: Downloading resource 'https://route.cit.api.here.com/routing/7.2/calculateroute.json?app_id=G5t7Re1mgxWAa6MWeia9&app_code=2y-0mPdZ0QIoQ-qRrwvgMw&waypoint0=geo!-44.434878741968291,170.84078636713605&waypoint1=geo!-44.263602764690049,171.27124266952748&mode=fastest;car;traffic:disabled' to internal memory buffer
2017-07-29 16:57:22|   1.2|  0.0|INFORM|HTTPCaller(HTTPFactory): HTTP transfer summary - status code: 200, download size: '1212 bytes', DNS lookup time: '4.2e-05 seconds', total transfer time: '0.261547 seconds', url: 'https://route.cit.api.here.com/routing/7.2/calculateroute.json?app_id=G5t7Re1mgxWAa6MWeia9&app_code=2y-0mPdZ0QIoQ-qRrwvgMw&waypoint0=geo!-44.434878741968291,170.84078636713605&waypoint1=geo!-44.263602764690049,171.27124266952748&mode=fastest;car;traffic:disabled'
2017-07-29 16:57:23|   1.2|  0.0|INFORM|HTTPCaller(HTTPFactory): HTTP/FTP Transfer: Downloading resource 'https://route.cit.api.here.com/routing/7.2/calculateroute.json?app_id=G5t7Re1mgxWAa6MWeia9&app_code=2y-0mPdZ0QIoQ-qRrwvgMw&waypoint0=geo!-44.434878741968291,170.84078636713605&waypoint1=geo!-44.252648102279693,171.27451238265931&mode=fastest;car;traffic:disabled' to internal memory buffer
2017-07-29 16:57:23|   1.2|  0.0|INFORM|HTTPCaller(HTTPFactory): HTTP transfer summary - status code: 200, download size: '1236 bytes', DNS lookup time: '4.2e-05 seconds', total transfer time: '0.254867 seconds', url: 'https://route.cit.api.here.com/routing/7.2/calculateroute.json?app_id=G5t7Re1mgxWAa6MWeia9&app_code=2y-0mPdZ0QIoQ-qRrwvgMw&waypoint0=geo!-44.434878741968291,170.84078636713605&waypoint1=geo!-44.252648102279693,171.27451238265931&mode=fastest;car;traffic:disabled'
2017-07-29 16:57:23|   1.2|  0.0|INFORM|HTTPCaller(HTTPFactory): HTTP/FTP Transfer: Downloading resource 'https://route.cit.api.here.com/routing/7.2/calculateroute.json?app_id=G5t7Re1mgxWAa6MWeia9&app_code=2y-0mPdZ0QIoQ-qRrwvgMw&waypoint0=geo!-44.434878741968291,170.84078636713605&waypoint1=geo!-44.794558776430783,170.95759397224947&mode=fastest;car;traffic:disabled' to internal memory buffer
2017-07-29 16:57:23|   1.2|  0.0|INFORM|HTTPCaller(HTTPFactory): HTTP transfer summary - status code: 200, download size: '1175 bytes', DNS lookup time: '3.1e-05 seconds', total transfer time: '0.191576 seconds', url: 'https://route.cit.api.here.com/routing/7.2/calculateroute.json?app_id=G5t7Re1mgxWAa6MWeia9&app_code=2y-0mPdZ0QIoQ-qRrwvgMw&waypoint0=geo!-44.434878741968291,170.84078636713605&waypoint1=geo!-44.794558776430783,170.95759397224947&mode=fastest;car;traffic:disabled'
2017-07-29 16:57:23|   1.2|  0.0|INFORM|HTTPCaller(HTTPFactory): HTTP/FTP Transfer: Downloading resource 'https://route.cit.api.here.com/routing/7.2/calculateroute.json?app_id=G5t7Re1mgxWAa6MWeia9&app_code=2y-0mPdZ0QIoQ-qRrwvgMw&waypoint0=geo!-44.434878741968291,170.84078636713605&waypoint1=geo!-44.793525797562246,171.02609229052669&mode=fastest;car;traffic:disabled' to internal memory buffer
2017-07-29 16:57:23|   1.2|  0.0|INFORM|HTTPCaller(HTTPFactory): HTTP transfer summary - status code: 200, download size: '1169 bytes', DNS lookup time: '2.7e-05 seconds', total transfer time: '0.30866 seconds', url: 'https://route.cit.api.here.com/routing/7.2/calculateroute.json?app_id=G5t7Re1mgxWAa6MWeia9&app_code=2y-0mPdZ0QIoQ-qRrwvgMw&waypoint0=geo!-44.434878741968291,170.84078636713605&waypoint1=geo!-44.793525797562246,171.02609229052669&mode=fastest;car;traffic:disabled'
2017-07-29 16:57:23|   1.2|  0.0|INFORM|HTTPCaller(HTTPFactory): HTTP/FTP Transfer: Downloading resource 'https://route.cit.api.here.com/routing/7.2/calculateroute.json?app_id=G5t7Re1mgxWAa6MWeia9&app_code=2y-0mPdZ0QIoQ-qRrwvgMw&waypoint0=geo!-44.434878741968291,170.84078636713605&waypoint1=geo!-44.724745284133554,170.49055278071378&mode=fastest;car;traffic:disabled' to internal memory buffer
2017-07-29 16:57:23|   1.2|  0.0|INFORM|HTTPCaller(HTTPFactory): HTTP transfer summary - status code: 200, download size: '1197 bytes', DNS lookup time: '4.1e-05 seconds', total transfer time: '0.312956 seconds', url: 'https://route.cit.api.here.com/routing/7.2/calculateroute.json?app_id=G5t7Re1mgxWAa6MWeia9&app_code=2y-0mPdZ0QIoQ-qRrwvgMw&waypoint0=geo!-44.434878741968291,170.84078636713605&waypoint1=geo!-44.724745284133554,170.49055278071378&mode=fastest;car;traffic:disabled'
2017-07-29 16:57:24|   1.3|  0.0|INFORM|HTTPCaller(HTTPFactory): HTTP/FTP Transfer: Downloading resource 'https://route.cit.api.here.com/routing/7.2/calculateroute.json?app_id=G5t7Re1mgxWAa6MWeia9&app_code=2y-0mPdZ0QIoQ-qRrwvgMw&waypoint0=geo!-44.434878741968291,170.84078636713605&waypoint1=geo!-44.270494422703884,171.3320438431378&mode=fastest;car;traffic:disabled' to internal memory buffer
2017-07-29 16:57:24|   1.3|  0.0|INFORM|HTTPCaller(HTTPFactory): HTTP transfer summary - status code: 200, download size: '1420 bytes', DNS lookup time: '2.9e-05 seconds', total transfer time: '0.313894 seconds', url: 'https://route.cit.api.here.com/routing/7.2/calculateroute.json?app_id=G5t7Re1mgxWAa6MWeia9&app_code=2y-0mPdZ0QIoQ-qRrwvgMw&waypoint0=geo!-44.434878741968291,170.84078636713605&waypoint1=geo!-44.270494422703884,171.3320438431378&mode=fastest;car;traffic:disabled'
2017-07-29 16:57:24|   1.3|  0.0|INFORM|HTTPCaller(HTTPFactory): HTTP/FTP Transfer: Downloading resource 'https://route.cit.api.here.com/routing/7.2/calculateroute.json?app_id=G5t7Re1mgxWAa6MWeia9&app_code=2y-0mPdZ0QIoQ-qRrwvgMw&waypoint0=geo!-43.751130125403542,172.89867054462272&waypoint1=geo!-43.551556249110703,172.68344607526885&mode=fastest;car;traffic:disabled' to internal memory buffer
2017-07-29 16:57:24|   1.3|  0.0|INFORM|HTTPCaller(HTTPFactory): HTTP transfer summary - status code: 200, download size: '1609 bytes', DNS lookup time: '3.9e-05 seconds', total transfer time: '0.32153 seconds', url: 'https://route.cit.api.here.com/routing/7.2/calculateroute.json?app_id=G5t7Re1mgxWAa6MWeia9&app_code=2y-0mPdZ0QIoQ-qRrwvgMw&waypoint0=geo!-43.751130125403542,172.89867054462272&waypoint1=geo!-43.551556249110703,172.68344607526885&mode=fastest;car;traffic:disabled'
2017-07-29 16:57:24|   1.3|  0.0|INFORM|HTTPCaller(HTTPFactory): HTTP/FTP Transfer: Downloading resource 'https://route.cit.api.here.com/routing/7.2/calculateroute.json?app_id=G5t7Re1mgxWAa6MWeia9&app_code=2y-0mPdZ0QIoQ-qRrwvgMw&waypoint0=geo!-43.751130125403542,172.89867054462272&waypoint1=geo!-43.516942228083117,172.68112732898695&mode=fastest;car;traffic:disabled' to internal memory buffer
2017-07-29 16:57:24|   1.3|  0.0|INFORM|HTTPCaller(HTTPFactory): HTTP transfer summary - status code: 200, download size: '1728 bytes', DNS lookup time: '5.6e-05 seconds', total transfer time: '0.311767 seconds', url: 'https://route.cit.api.here.com/routing/7.2/calculateroute.json?app_id=G5t7Re1mgxWAa6MWeia9&app_code=2y-0mPdZ0QIoQ-qRrwvgMw&waypoint0=geo!-43.751130125403542,172.89867054462272&waypoint1=geo!-43.516942228083117,172.68112732898695&mode=fastest;car;traffic:disabled'
2017-07-29 16:57:25|   1.3|  0.0|INFORM|HTTPCaller(HTTPFactory): HTTP/FTP Transfer: Downloading resource 'https://route.cit.api.here.com/routing/7.2/calculateroute.json?app_id=G5t7Re1mgxWAa6MWeia9&app_code=2y-0mPdZ0QIoQ-qRrwvgMw&waypoint0=geo!-43.751130125403542,172.89867054462272&waypoint1=geo!-43.533342527868093,172.6274734639255&mode=fastest;car;traffic:disabled' to internal memory buffer
2017-07-29 16:57:25|   1.3|  0.0|INFORM|HTTPCaller(HTTPFactory): HTTP transfer summary - status code: 200, download size: '1333 bytes', DNS lookup time: '4e-05 seconds', total transfer time: '0.191774 seconds', url: 'https://route.cit.api.here.com/routing/7.2/calculateroute.json?app_id=G5t7Re1mgxWAa6MWeia9&app_code=2y-0mPdZ0QIoQ-qRrwvgMw&waypoint0=geo!-43.751130125403542,172.89867054462272&waypoint1=geo!-43.533342527868093,172.6274734639255&mode=fastest;car;traffic:disabled'
2017-07-29 16:57:25|   1.3|  0.0|INFORM|Processed 15 elements with mode CLASSIC
2017-07-29 16:57:25|   1.3|  0.0|INFORM|HTTPCaller(HTTPFactory): HTTP/FTP Transfer: Downloading resource 'https://route.cit.api.here.com/routing/7.2/calculateroute.json?app_id=G5t7Re1mgxWAa6MWeia9&app_code=2y-0mPdZ0QIoQ-qRrwvgMw&waypoint0=geo!-43.751130125403542,172.89867054462272&waypoint1=geo!-43.713856054067953,172.43912714522949&mode=fastest;car;traffic:disabled' to internal memory buffer
2017-07-29 16:57:25|   1.3|  0.0|INFORM|HTTPCaller(HTTPFactory): HTTP transfer summary - status code: 200, download size: '1299 bytes', DNS lookup time: '4e-05 seconds', total transfer time: '0.188815 seconds', url: 'https://route.cit.api.here.com/routing/7.2/calculateroute.json?app_id=G5t7Re1mgxWAa6MWeia9&app_code=2y-0mPdZ0QIoQ-qRrwvgMw&waypoint0=geo!-43.751130125403542,172.89867054462272&waypoint1=geo!-43.713856054067953,172.43912714522949&mode=fastest;car;traffic:disabled'
2017-07-29 16:57:25|   1.3|  0.0|INFORM|HTTPCaller(HTTPFactory): HTTP/FTP Transfer: Downloading resource 'https://route.cit.api.here.com/routing/7.2/calculateroute.json?app_id=G5t7Re1mgxWAa6MWeia9&app_code=2y-0mPdZ0QIoQ-qRrwvgMw&waypoint0=geo!-43.751130125403542,172.89867054462272&waypoint1=geo!-43.696177264302214,172.41336313404489&mode=fastest;car;traffic:disabled' to internal memory buffer
2017-07-29 16:57:25|   1.3|  0.0|INFORM|HTTPCaller(HTTPFactory): HTTP transfer summary - status code: 200, download size: '1275 bytes', DNS lookup time: '4.6e-05 seconds', total transfer time: '0.189541 seconds', url: 'https://route.cit.api.here.com/routing/7.2/calculateroute.json?app_id=G5t7Re1mgxWAa6MWeia9&app_code=2y-0mPdZ0QIoQ-qRrwvgMw&waypoint0=geo!-43.751130125403542,172.89867054462272&waypoint1=geo!-43.696177264302214,172.41336313404489&mode=fastest;car;traffic:disabled'
2017-07-29 16:57:25|   1.3|  0.0|INFORM|HTTPCaller(HTTPFactory): HTTP/FTP Transfer: Downloading resource 'https://route.cit.api.here.com/routing/7.2/calculateroute.json?app_id=G5t7Re1mgxWAa6MWeia9&app_code=2y-0mPdZ0QIoQ-qRrwvgMw&waypoint0=geo!-43.751130125403542,172.89867054462272&waypoint1=geo!-43.451274855676175,172.60660090596036&mode=fastest;car;traffic:disabled' to internal memory buffer
2017-07-29 16:57:25|   1.3|  0.0|INFORM|HTTPCaller(HTTPFactory): HTTP transfer summary - status code: 200, download size: '1422 bytes', DNS lookup time: '3.7e-05 seconds', total transfer time: '0.193237 seconds', url: 'https://route.cit.api.here.com/routing/7.2/calculateroute.json?app_id=G5t7Re1mgxWAa6MWeia9&app_code=2y-0mPdZ0QIoQ-qRrwvgMw&waypoint0=geo!-43.751130125403542,172.89867054462272&waypoint1=geo!-43.451274855676175,172.60660090596036&mode=fastest;car;traffic:disabled'
2017-07-29 16:57:25|   1.3|  0.0|INFORM|HTTPCaller(HTTPFactory): HTTP/FTP Transfer: Downloading resource 'https://route.cit.api.here.com/routing/7.2/calculateroute.json?app_id=G5t7Re1mgxWAa6MWeia9&app_code=2y-0mPdZ0QIoQ-qRrwvgMw&waypoint0=geo!-43.751130125403542,172.89867054462272&waypoint1=geo!-43.45234218382015,172.60288749118152&mode=fastest;car;traffic:disabled' to internal memory buffer
2017-07-29 16:57:25|   1.3|  0.0|INFORM|HTTPCaller(HTTPFactory): HTTP transfer summary - status code: 200, download size: '1467 bytes', DNS lookup time: '3.8e-05 seconds', total transfer time: '0.194723 seconds', url: 'https://route.cit.api.here.com/routing/7.2/calculateroute.json?app_id=G5t7Re1mgxWAa6MWeia9&app_code=2y-0mPdZ0QIoQ-qRrwvgMw&waypoint0=geo!-43.751130125403542,172.89867054462272&waypoint1=geo!-43.45234218382015,172.60288749118152&mode=fastest;car;traffic:disabled'
2017-07-29 16:57:26|   1.3|  0.0|INFORM|HTTPCaller(HTTPFactory): HTTP/FTP Transfer: Downloading resource 'https://route.cit.api.here.com/routing/7.2/calculateroute.json?app_id=G5t7Re1mgxWAa6MWeia9&app_code=2y-0mPdZ0QIoQ-qRrwvgMw&waypoint0=geo!-43.751130125403542,172.89867054462272&waypoint1=geo!-43.465017231229524,172.57327000658552&mode=fastest;car;traffic:disabled' to internal memory buffer
2017-07-29 16:57:26|   1.3|  0.0|INFORM|HTTPCaller(HTTPFactory): HTTP transfer summary - status code: 200, download size: '1491 bytes', DNS lookup time: '4e-05 seconds', total transfer time: '0.193119 seconds', url: 'https://route.cit.api.here.com/routing/7.2/calculateroute.json?app_id=G5t7Re1mgxWAa6MWeia9&app_code=2y-0mPdZ0QIoQ-qRrwvgMw&waypoint0=geo!-43.751130125403542,172.89867054462272&waypoint1=geo!-43.465017231229524,172.57327000658552&mode=fastest;car;traffic:disabled'
2017-07-29 16:57:26|   1.3|  0.0|INFORM|HTTPCaller(HTTPFactory): HTTP/FTP Transfer: Downloading resource 'https://route.cit.api.here.com/routing/7.2/calculateroute.json?app_id=G5t7Re1mgxWAa6MWeia9&app_code=2y-0mPdZ0QIoQ-qRrwvgMw&waypoint0=geo!-43.751130125403542,172.89867054462272&waypoint1=geo!-43.416837762276309,172.6454720821506&mode=fastest;car;traffic:disabled' to internal memory buffer
2017-07-29 16:57:26|   1.3|  0.0|INFORM|HTTPCaller(HTTPFactory): HTTP transfer summary - status code: 200, download size: '1555 bytes', DNS lookup time: '3.9e-05 seconds', total transfer time: '0.36992 seconds', url: 'https://route.cit.api.here.com/routing/7.2/calculateroute.json?app_id=G5t7Re1mgxWAa6MWeia9&app_code=2y-0mPdZ0QIoQ-qRrwvgMw&waypoint0=geo!-43.751130125403542,172.89867054462272&waypoint1=geo!-43.416837762276309,172.6454720821506&mode=fastest;car;traffic:disabled'
2017-07-29 16:57:26|   1.3|  0.0|INFORM|HTTPCaller(HTTPFactory): HTTP/FTP Transfer: Downloading resource 'https://route.cit.api.here.com/routing/7.2/calculateroute.json?app_id=G5t7Re1mgxWAa6MWeia9&app_code=2y-0mPdZ0QIoQ-qRrwvgMw&waypoint0=geo!-43.751130125403542,172.89867054462272&waypoint1=geo!-43.422279458139307,172.63000421390004&mode=fastest;car;traffic:disabled' to internal memory buffer
2017-07-29 16:57:26|   1.3|  0.0|INFORM|HTTPCaller(HTTPFactory): HTTP transfer summary - status code: 200, download size: '1579 bytes', DNS lookup time: '4.5e-05 seconds', total transfer time: '0.232656 seconds', url: 'https://route.cit.api.here.com/routing/7.2/calculateroute.json?app_id=G5t7Re1mgxWAa6MWeia9&app_code=2y-0mPdZ0QIoQ-qRrwvgMw&waypoint0=geo!-43.751130125403542,172.89867054462272&waypoint1=geo!-43.422279458139307,172.63000421390004&mode=fastest;car;traffic:disabled'
2017-07-29 16:57:26|   1.3|  0.0|INFORM|HTTPCaller(HTTPFactory): HTTP/FTP Transfer: Downloading resource 'https://route.cit.api.here.com/routing/7.2/calculateroute.json?app_id=G5t7Re1mgxWAa6MWeia9&app_code=2y-0mPdZ0QIoQ-qRrwvgMw&waypoint0=geo!-42.302098499393082,173.6639468221756&waypoint1=geo!-42.403444645732485,173.68433237682893&mode=fastest;car;traffic:disabled' to internal memory buffer
2017-07-29 16:57:26|   1.3|  0.0|INFORM|HTTPCaller(HTTPFactory): HTTP transfer summary - status code: 200, download size: '1078 bytes', DNS lookup time: '3e-05 seconds', total transfer time: '0.227792 seconds', url: 'https://route.cit.api.here.com/routing/7.2/calculateroute.json?app_id=G5t7Re1mgxWAa6MWeia9&app_code=2y-0mPdZ0QIoQ-qRrwvgMw&waypoint0=geo!-42.302098499393082,173.6639468221756&waypoint1=geo!-42.403444645732485,173.68433237682893&mode=fastest;car;traffic:disabled'
2017-07-29 16:57:27|   1.3|  0.0|INFORM|HTTPCaller(HTTPFactory): HTTP/FTP Transfer: Downloading resource 'https://route.cit.api.here.com/routing/7.2/calculateroute.json?app_id=G5t7Re1mgxWAa6MWeia9&app_code=2y-0mPdZ0QIoQ-qRrwvgMw&waypoint0=geo!-42.302098499393082,173.6639468221756&waypoint1=geo!-42.403946678302148,173.68425738448144&mode=fastest;car;traffic:disabled' to internal memory buffer
2017-07-29 16:57:27|   1.3|  0.0|INFORM|HTTPCaller(HTTPFactory): HTTP transfer summary - status code: 200, download size: '1075 bytes', DNS lookup time: '2.8e-05 seconds', total transfer time: '0.188441 seconds', url: 'https://route.cit.api.here.com/routing/7.2/calculateroute.json?app_id=G5t7Re1mgxWAa6MWeia9&app_code=2y-0mPdZ0QIoQ-qRrwvgMw&waypoint0=geo!-42.302098499393082,173.6639468221756&waypoint1=geo!-42.403946678302148,173.68425738448144&mode=fastest;car;traffic:disabled'
2017-07-29 16:57:27|   1.3|  0.0|INFORM|HTTPCaller(HTTPFactory): HTTP/FTP Transfer: Downloading resource 'https://route.cit.api.here.com/routing/7.2/calculateroute.json?app_id=G5t7Re1mgxWAa6MWeia9&app_code=2y-0mPdZ0QIoQ-qRrwvgMw&waypoint0=geo!-42.302098499393082,173.6639468221756&waypoint1=geo!-42.407538263958315,173.58117654022183&mode=fastest;car;traffic:disabled' to internal memory buffer
2017-07-29 16:57:27|   1.3|  0.0|INFORM|HTTPCaller(HTTPFactory): HTTP transfer summary - status code: 200, download size: '1139 bytes', DNS lookup time: '4.2e-05 seconds', total transfer time: '0.276515 seconds', url: 'https://route.cit.api.here.com/routing/7.2/calculateroute.json?app_id=G5t7Re1mgxWAa6MWeia9&app_code=2y-0mPdZ0QIoQ-qRrwvgMw&waypoint0=geo!-42.302098499393082,173.6639468221756&waypoint1=geo!-42.407538263958315,173.58117654022183&mode=fastest;car;traffic:disabled'
2017-07-29 16:57:27|   1.3|  0.0|INFORM|HTTPCaller(HTTPFactory): HTTP/FTP Transfer: Downloading resource 'https://route.cit.api.here.com/routing/7.2/calculateroute.json?app_id=G5t7Re1mgxWAa6MWeia9&app_code=2y-0mPdZ0QIoQ-qRrwvgMw&waypoint0=geo!-42.302098499393082,173.6639468221756&waypoint1=geo!-42.434741125404074,173.58880380099311&mode=fastest;car;traffic:disabled' to internal memory buffer
2017-07-29 16:57:27|   1.3|  0.0|INFORM|HTTPCaller(HTTPFactory): HTTP transfer summary - status code: 200, download size: '1118 bytes', DNS lookup time: '3e-05 seconds', total transfer time: '0.250945 seconds', url: 'https://route.cit.api.here.com/routing/7.2/calculateroute.json?app_id=G5t7Re1mgxWAa6MWeia9&app_code=2y-0mPdZ0QIoQ-qRrwvgMw&waypoint0=geo!-42.302098499393082,173.6639468221756&waypoint1=geo!-42.434741125404074,173.58880380099311&mode=fastest;car;traffic:disabled'
2017-07-29 16:57:27|   1.3|  0.0|INFORM|HTTPCaller(HTTPFactory): HTTP/FTP Transfer: Downloading resource 'https://route.cit.api.here.com/routing/7.2/calculateroute.json?app_id=G5t7Re1mgxWAa6MWeia9&app_code=2y-0mPdZ0QIoQ-qRrwvgMw&waypoint0=geo!-42.302098499393082,173.6639468221756&waypoint1=geo!-42.655467837095863,173.03456386046875&mode=fastest;car;traffic:disabled' to internal memory buffer
2017-07-29 16:57:27|   1.3|  0.0|INFORM|HTTPCaller(HTTPFactory): HTTP transfer summary - status code: 200, download size: '1222 bytes', DNS lookup time: '4.3e-05 seconds', total transfer time: '0.190006 seconds', url: 'https://route.cit.api.here.com/routing/7.2/calculateroute.json?app_id=G5t7Re1mgxWAa6MWeia9&app_code=2y-0mPdZ0QIoQ-qRrwvgMw&waypoint0=geo!-42.302098499393082,173.6639468221756&waypoint1=geo!-42.655467837095863,173.03456386046875&mode=fastest;car;traffic:disabled'
2017-07-29 16:57:28|   1.3|  0.0|INFORM|HTTPCaller(HTTPFactory): HTTP/FTP Transfer: Downloading resource 'https://route.cit.api.here.com/routing/7.2/calculateroute.json?app_id=G5t7Re1mgxWAa6MWeia9&app_code=2y-0mPdZ0QIoQ-qRrwvgMw&waypoint0=geo!-42.302098499393082,173.6639468221756&waypoint1=geo!-42.654298657841458,173.03041059873678&mode=fastest;car;traffic:disabled' to internal memory buffer
2017-07-29 16:57:28|   1.3|  0.0|INFORM|HTTPCaller(HTTPFactory): HTTP transfer summary - status code: 200, download size: '1196 bytes', DNS lookup time: '4.5e-05 seconds', total transfer time: '0.308566 seconds', url: 'https://route.cit.api.here.com/routing/7.2/calculateroute.json?app_id=G5t7Re1mgxWAa6MWeia9&app_code=2y-0mPdZ0QIoQ-qRrwvgMw&waypoint0=geo!-42.302098499393082,173.6639468221756&waypoint1=geo!-42.654298657841458,173.03041059873678&mode=fastest;car;traffic:disabled'
2017-07-29 16:57:28|   1.3|  0.0|INFORM|HTTPCaller(HTTPFactory): HTTP/FTP Transfer: Downloading resource 'https://route.cit.api.here.com/routing/7.2/calculateroute.json?app_id=G5t7Re1mgxWAa6MWeia9&app_code=2y-0mPdZ0QIoQ-qRrwvgMw&waypoint0=geo!-42.302098499393082,173.6639468221756&waypoint1=geo!-42.900377400900844,173.10127023919648&mode=fastest;car;traffic:disabled' to internal memory buffer
2017-07-29 16:57:28|   1.3|  0.0|INFORM|HTTPCaller(HTTPFactory): HTTP transfer summary - status code: 200, download size: '1289 bytes', DNS lookup time: '3.8e-05 seconds', total transfer time: '0.228931 seconds', url: 'https://route.cit.api.here.com/routing/7.2/calculateroute.json?app_id=G5t7Re1mgxWAa6MWeia9&app_code=2y-0mPdZ0QIoQ-qRrwvgMw&waypoint0=geo!-42.302098499393082,173.6639468221756&waypoint1=geo!-42.900377400900844,173.10127023919648&mode=fastest;car;traffic:disabled'
2017-07-29 16:57:28|   1.3|  0.0|INFORM|HTTPCaller(HTTPFactory): HTTP/FTP Transfer: Downloading resource 'https://route.cit.api.here.com/routing/7.2/calculateroute.json?app_id=G5t7Re1mgxWAa6MWeia9&app_code=2y-0mPdZ0QIoQ-qRrwvgMw&waypoint0=geo!-42.302098499393082,173.6639468221756&waypoint1=geo!-43.047871285394841,173.07953061619295&mode=fastest;car;traffic:disabled' to internal memory buffer
2017-07-29 16:57:28|   1.3|  0.0|INFORM|HTTPCaller(HTTPFactory): HTTP transfer summary - status code: 200, download size: '1658 bytes', DNS lookup time: '2.6e-05 seconds', total transfer time: '0.301027 seconds', url: 'https://route.cit.api.here.com/routing/7.2/calculateroute.json?app_id=G5t7Re1mgxWAa6MWeia9&app_code=2y-0mPdZ0QIoQ-qRrwvgMw&waypoint0=geo!-42.302098499393082,173.6639468221756&waypoint1=geo!-43.047871285394841,173.07953061619295&mode=fastest;car;traffic:disabled'
2017-07-29 16:57:28|   1.3|  0.0|INFORM|HTTPCaller(HTTPFactory): HTTP/FTP Transfer: Downloading resource 'https://route.cit.api.here.com/routing/7.2/calculateroute.json?app_id=G5t7Re1mgxWAa6MWeia9&app_code=2y-0mPdZ0QIoQ-qRrwvgMw&waypoint0=geo!-42.302098499393082,173.6639468221756&waypoint1=geo!-42.870709776618781,172.76674226155708&mode=fastest;car;traffic:disabled' to internal memory buffer
2017-07-29 16:57:28|   1.3|  0.0|INFORM|HTTPCaller(HTTPFactory): HTTP transfer summary - status code: 200, download size: '1241 bytes', DNS lookup time: '0.000175 seconds', total transfer time: '0.192705 seconds', url: 'https://route.cit.api.here.com/routing/7.2/calculateroute.json?app_id=G5t7Re1mgxWAa6MWeia9&app_code=2y-0mPdZ0QIoQ-qRrwvgMw&waypoint0=geo!-42.302098499393082,173.6639468221756&waypoint1=geo!-42.870709776618781,172.76674226155708&mode=fastest;car;traffic:disabled'
2017-07-29 16:57:29|   1.4|  0.0|INFORM|HTTPCaller(HTTPFactory): HTTP/FTP Transfer: Downloading resource 'https://route.cit.api.here.com/routing/7.2/calculateroute.json?app_id=G5t7Re1mgxWAa6MWeia9&app_code=2y-0mPdZ0QIoQ-qRrwvgMw&waypoint0=geo!-44.73441350778986,171.03872730645787&waypoint1=geo!-44.793525797562246,171.02609229052669&mode=fastest;car;traffic:disabled' to internal memory buffer
2017-07-29 16:57:29|   1.4|  0.0|INFORM|HTTPCaller(HTTPFactory): HTTP transfer summary - status code: 200, download size: '995 bytes', DNS lookup time: '4.2e-05 seconds', total transfer time: '0.305004 seconds', url: 'https://route.cit.api.here.com/routing/7.2/calculateroute.json?app_id=G5t7Re1mgxWAa6MWeia9&app_code=2y-0mPdZ0QIoQ-qRrwvgMw&waypoint0=geo!-44.73441350778986,171.03872730645787&waypoint1=geo!-44.793525797562246,171.02609229052669&mode=fastest;car;traffic:disabled'
2017-07-29 16:57:29|   1.4|  0.0|INFORM|HTTPCaller(HTTPFactory): HTTP/FTP Transfer: Downloading resource 'https://route.cit.api.here.com/routing/7.2/calculateroute.json?app_id=G5t7Re1mgxWAa6MWeia9&app_code=2y-0mPdZ0QIoQ-qRrwvgMw&waypoint0=geo!-44.73441350778986,171.03872730645787&waypoint1=geo!-44.794558776430783,170.95759397224947&mode=fastest;car;traffic:disabled' to internal memory buffer
2017-07-29 16:57:29|   1.4|  0.0|INFORM|HTTPCaller(HTTPFactory): HTTP transfer summary - status code: 200, download size: '910 bytes', DNS lookup time: '3.3e-05 seconds', total transfer time: '0.292214 seconds', url: 'https://route.cit.api.here.com/routing/7.2/calculateroute.json?app_id=G5t7Re1mgxWAa6MWeia9&app_code=2y-0mPdZ0QIoQ-qRrwvgMw&waypoint0=geo!-44.73441350778986,171.03872730645787&waypoint1=geo!-44.794558776430783,170.95759397224947&mode=fastest;car;traffic:disabled'
2017-07-29 16:57:29|   1.4|  0.0|INFORM|HTTPCaller(HTTPFactory): HTTP/FTP Transfer: Downloading resource 'https://route.cit.api.here.com/routing/7.2/calculateroute.json?app_id=G5t7Re1mgxWAa6MWeia9&app_code=2y-0mPdZ0QIoQ-qRrwvgMw&waypoint0=geo!-44.73441350778986,171.03872730645787&waypoint1=geo!-44.521676668812901,170.9295595817735&mode=fastest;car;traffic:disabled' to internal memory buffer
2017-07-29 16:57:29|   1.4|  0.0|INFORM|HTTPCaller(HTTPFactory): HTTP transfer summary - status code: 200, download size: '1311 bytes', DNS lookup time: '4.2e-05 seconds', total transfer time: '0.205359 seconds', url: 'https://route.cit.api.here.com/routing/7.2/calculateroute.json?app_id=G5t7Re1mgxWAa6MWeia9&app_code=2y-0mPdZ0QIoQ-qRrwvgMw&waypoint0=geo!-44.73441350778986,171.03872730645787&waypoint1=geo!-44.521676668812901,170.9295595817735&mode=fastest;car;traffic:disabled'
2017-07-29 16:57:29|   1.4|  0.0|INFORM|HTTPCaller(HTTPFactory): HTTP/FTP Transfer: Downloading resource 'https://route.cit.api.here.com/routing/7.2/calculateroute.json?app_id=G5t7Re1mgxWAa6MWeia9&app_code=2y-0mPdZ0QIoQ-qRrwvgMw&waypoint0=geo!-44.73441350778986,171.03872730645787&waypoint1=geo!-44.459399373238526,171.13723962162985&mode=fastest;car;traffic:disabled' to internal memory buffer
2017-07-29 16:57:29|   1.4|  0.0|INFORM|HTTPCaller(HTTPFactory): HTTP transfer summary - status code: 200, download size: '1193 bytes', DNS lookup time: '4.3e-05 seconds', total transfer time: '0.327176 seconds', url: 'https://route.cit.api.here.com/routing/7.2/calculateroute.json?app_id=G5t7Re1mgxWAa6MWeia9&app_code=2y-0mPdZ0QIoQ-qRrwvgMw&waypoint0=geo!-44.73441350778986,171.03872730645787&waypoint1=geo!-44.459399373238526,171.13723962162985&mode=fastest;car;traffic:disabled'
2017-07-29 16:57:30|   1.4|  0.0|INFORM|HTTPCaller(HTTPFactory): HTTP/FTP Transfer: Downloading resource 'https://route.cit.api.here.com/routing/7.2/calculateroute.json?app_id=G5t7Re1mgxWAa6MWeia9&app_code=2y-0mPdZ0QIoQ-qRrwvgMw&waypoint0=geo!-44.73441350778986,171.03872730645787&waypoint1=geo!-44.395483119895282,171.04158278497025&mode=fastest;car;traffic:disabled' to internal memory buffer
2017-07-29 16:57:30|   1.4|  0.0|INFORM|HTTPCaller(HTTPFactory): HTTP transfer summary - status code: 200, download size: '1273 bytes', DNS lookup time: '3.8e-05 seconds', total transfer time: '0.22865 seconds', url: 'https://route.cit.api.here.com/routing/7.2/calculateroute.json?app_id=G5t7Re1mgxWAa6MWeia9&app_code=2y-0mPdZ0QIoQ-qRrwvgMw&waypoint0=geo!-44.73441350778986,171.03872730645787&waypoint1=geo!-44.395483119895282,171.04158278497025&mode=fastest;car;traffic:disabled'
2017-07-29 16:57:30|   1.4|  0.0|INFORM|Processed 36 elements with mode CLASSIC
2017-07-29 16:57:30|   1.4|  0.0|INFORM|HTTPCaller(HTTPFactory): HTTP/FTP Transfer: Downloading resource 'https://route.cit.api.here.com/routing/7.2/calculateroute.json?app_id=G5t7Re1mgxWAa6MWeia9&app_code=2y-0mPdZ0QIoQ-qRrwvgMw&waypoint0=geo!-44.73441350778986,171.03872730645787&waypoint1=geo!-44.724745284133554,170.49055278071378&mode=fastest;car;traffic:disabled' to internal memory buffer
2017-07-29 16:57:30|   1.4|  0.0|INFORM|HTTPCaller(HTTPFactory): HTTP transfer summary - status code: 200, download size: '939 bytes', DNS lookup time: '3.8e-05 seconds', total transfer time: '0.188792 seconds', url: 'https://route.cit.api.here.com/routing/7.2/calculateroute.json?app_id=G5t7Re1mgxWAa6MWeia9&app_code=2y-0mPdZ0QIoQ-qRrwvgMw&waypoint0=geo!-44.73441350778986,171.03872730645787&waypoint1=geo!-44.724745284133554,170.49055278071378&mode=fastest;car;traffic:disabled'
2017-07-29 16:57:30|   1.4|  0.0|INFORM|HTTPCaller(HTTPFactory): HTTP/FTP Transfer: Downloading resource 'https://route.cit.api.here.com/routing/7.2/calculateroute.json?app_id=G5t7Re1mgxWAa6MWeia9&app_code=2y-0mPdZ0QIoQ-qRrwvgMw&waypoint0=geo!-44.73441350778986,171.03872730645787&waypoint1=geo!-44.250080118503114,171.13937610992213&mode=fastest;car;traffic:disabled' to internal memory buffer
2017-07-29 16:57:30|   1.4|  0.0|INFORM|HTTPCaller(HTTPFactory): HTTP transfer summary - status code: 200, download size: '1233 bytes', DNS lookup time: '4e-05 seconds', total transfer time: '0.271467 seconds', url: 'https://route.cit.api.here.com/routing/7.2/calculateroute.json?app_id=G5t7Re1mgxWAa6MWeia9&app_code=2y-0mPdZ0QIoQ-qRrwvgMw&waypoint0=geo!-44.73441350778986,171.03872730645787&waypoint1=geo!-44.250080118503114,171.13937610992213&mode=fastest;car;traffic:disabled'
2017-07-29 16:57:30|   1.4|  0.0|INFORM|HTTPCaller(HTTPFactory): HTTP/FTP Transfer: Downloading resource 'https://route.cit.api.here.com/routing/7.2/calculateroute.json?app_id=G5t7Re1mgxWAa6MWeia9&app_code=2y-0mPdZ0QIoQ-qRrwvgMw&waypoint0=geo!-44.73441350778986,171.03872730645787&waypoint1=geo!-44.263602764690049,171.27124266952748&mode=fastest;car;traffic:disabled' to internal memory buffer
2017-07-29 16:57:30|   1.4|  0.0|INFORM|HTTPCaller(HTTPFactory): HTTP transfer summary - status code: 200, download size: '1103 bytes', DNS lookup time: '3.1e-05 seconds', total transfer time: '0.254024 seconds', url: 'https://route.cit.api.here.com/routing/7.2/calculateroute.json?app_id=G5t7Re1mgxWAa6MWeia9&app_code=2y-0mPdZ0QIoQ-qRrwvgMw&waypoint0=geo!-44.73441350778986,171.03872730645787&waypoint1=geo!-44.263602764690049,171.27124266952748&mode=fastest;car;traffic:disabled'
2017-07-29 16:57:31|   1.4|  0.0|INFORM|HTTPCaller(HTTPFactory): HTTP/FTP Transfer: Downloading resource 'https://route.cit.api.here.com/routing/7.2/calculateroute.json?app_id=G5t7Re1mgxWAa6MWeia9&app_code=2y-0mPdZ0QIoQ-qRrwvgMw&waypoint0=geo!-44.73441350778986,171.03872730645787&waypoint1=geo!-44.270494422703884,171.3320438431378&mode=fastest;car;traffic:disabled' to internal memory buffer
2017-07-29 16:57:31|   1.4|  0.0|INFORM|HTTPCaller(HTTPFactory): HTTP transfer summary - status code: 200, download size: '1305 bytes', DNS lookup time: '4.3e-05 seconds', total transfer time: '0.197095 seconds', url: 'https://route.cit.api.here.com/routing/7.2/calculateroute.json?app_id=G5t7Re1mgxWAa6MWeia9&app_code=2y-0mPdZ0QIoQ-qRrwvgMw&waypoint0=geo!-44.73441350778986,171.03872730645787&waypoint1=geo!-44.270494422703884,171.3320438431378&mode=fastest;car;traffic:disabled'
2017-07-29 16:57:31|   1.4|  0.0|INFORM|HTTPCaller(HTTPFactory): HTTP/FTP Transfer: Downloading resource 'https://route.cit.api.here.com/routing/7.2/calculateroute.json?app_id=G5t7Re1mgxWAa6MWeia9&app_code=2y-0mPdZ0QIoQ-qRrwvgMw&waypoint0=geo!-44.73441350778986,171.03872730645787&waypoint1=geo!-44.252648102279693,171.27451238265931&mode=fastest;car;traffic:disabled' to internal memory buffer
2017-07-29 16:57:31|   1.4|  0.0|INFORM|HTTPCaller(HTTPFactory): HTTP transfer summary - status code: 200, download size: '1128 bytes', DNS lookup time: '7.6e-05 seconds', total transfer time: '0.300867 seconds', url: 'https://route.cit.api.here.com/routing/7.2/calculateroute.json?app_id=G5t7Re1mgxWAa6MWeia9&app_code=2y-0mPdZ0QIoQ-qRrwvgMw&waypoint0=geo!-44.73441350778986,171.03872730645787&waypoint1=geo!-44.252648102279693,171.27451238265931&mode=fastest;car;traffic:disabled'
2017-07-29 16:57:31|   1.4|  0.0|INFORM|HTTPCaller(HTTPFactory): HTTP/FTP Transfer: Downloading resource 'https://route.cit.api.here.com/routing/7.2/calculateroute.json?app_id=G5t7Re1mgxWAa6MWeia9&app_code=2y-0mPdZ0QIoQ-qRrwvgMw&waypoint0=geo!-43.689740842970906,172.33797250753375&waypoint1=geo!-43.687951718992061,172.37238656075093&mode=fastest;car;traffic:disabled' to internal memory buffer
2017-07-29 16:57:31|   1.4|  0.0|INFORM|HTTPCaller(HTTPFactory): HTTP transfer summary - status code: 200, download size: '837 bytes', DNS lookup time: '3.8e-05 seconds', total transfer time: '0.457494 seconds', url: 'https://route.cit.api.here.com/routing/7.2/calculateroute.json?app_id=G5t7Re1mgxWAa6MWeia9&app_code=2y-0mPdZ0QIoQ-qRrwvgMw&waypoint0=geo!-43.689740842970906,172.33797250753375&waypoint1=geo!-43.687951718992061,172.37238656075093&mode=fastest;car;traffic:disabled'
2017-07-29 16:57:32|   1.4|  0.0|INFORM|HTTPCaller(HTTPFactory): HTTP/FTP Transfer: Downloading resource 'https://route.cit.api.here.com/routing/7.2/calculateroute.json?app_id=G5t7Re1mgxWAa6MWeia9&app_code=2y-0mPdZ0QIoQ-qRrwvgMw&waypoint0=geo!-43.689740842970906,172.33797250753375&waypoint1=geo!-43.696177264302214,172.41336313404489&mode=fastest;car;traffic:disabled' to internal memory buffer
2017-07-29 16:57:32|   1.4|  0.0|INFORM|HTTPCaller(HTTPFactory): HTTP transfer summary - status code: 200, download size: '859 bytes', DNS lookup time: '3.8e-05 seconds', total transfer time: '0.186836 seconds', url: 'https://route.cit.api.here.com/routing/7.2/calculateroute.json?app_id=G5t7Re1mgxWAa6MWeia9&app_code=2y-0mPdZ0QIoQ-qRrwvgMw&waypoint0=geo!-43.689740842970906,172.33797250753375&waypoint1=geo!-43.696177264302214,172.41336313404489&mode=fastest;car;traffic:disabled'
2017-07-29 16:57:32|   1.4|  0.0|INFORM|HTTPCaller(HTTPFactory): HTTP/FTP Transfer: Downloading resource 'https://route.cit.api.here.com/routing/7.2/calculateroute.json?app_id=G5t7Re1mgxWAa6MWeia9&app_code=2y-0mPdZ0QIoQ-qRrwvgMw&waypoint0=geo!-43.689740842970906,172.33797250753375&waypoint1=geo!-43.713856054067953,172.43912714522949&mode=fastest;car;traffic:disabled' to internal memory buffer
2017-07-29 16:57:32|   1.4|  0.0|INFORM|HTTPCaller(HTTPFactory): HTTP transfer summary - status code: 200, download size: '969 bytes', DNS lookup time: '3.9e-05 seconds', total transfer time: '0.313354 seconds', url: 'https://route.cit.api.here.com/routing/7.2/calculateroute.json?app_id=G5t7Re1mgxWAa6MWeia9&app_code=2y-0mPdZ0QIoQ-qRrwvgMw&waypoint0=geo!-43.689740842970906,172.33797250753375&waypoint1=geo!-43.713856054067953,172.43912714522949&mode=fastest;car;traffic:disabled'
2017-07-29 16:57:32|   1.4|  0.0|INFORM|HTTPCaller(HTTPFactory): HTTP/FTP Transfer: Downloading resource 'https://route.cit.api.here.com/routing/7.2/calculateroute.json?app_id=G5t7Re1mgxWAa6MWeia9&app_code=2y-0mPdZ0QIoQ-qRrwvgMw&waypoint0=geo!-43.689740842970906,172.33797250753375&waypoint1=geo!-43.796891084714687,172.37161104167586&mode=fastest;car;traffic:disabled' to internal memory buffer
2017-07-29 16:57:32|   1.4|  0.0|INFORM|HTTPCaller(HTTPFactory): HTTP transfer summary - status code: 200, download size: '1048 bytes', DNS lookup time: '3.6e-05 seconds', total transfer time: '0.309424 seconds', url: 'https://route.cit.api.here.com/routing/7.2/calculateroute.json?app_id=G5t7Re1mgxWAa6MWeia9&app_code=2y-0mPdZ0QIoQ-qRrwvgMw&waypoint0=geo!-43.689740842970906,172.33797250753375&waypoint1=geo!-43.796891084714687,172.37161104167586&mode=fastest;car;traffic:disabled'
2017-07-29 16:57:32|   1.4|  0.0|INFORM|HTTPCaller(HTTPFactory): HTTP/FTP Transfer: Downloading resource 'https://route.cit.api.here.com/routing/7.2/calculateroute.json?app_id=G5t7Re1mgxWAa6MWeia9&app_code=2y-0mPdZ0QIoQ-qRrwvgMw&waypoint0=geo!-43.689740842970906,172.33797250753375&waypoint1=geo!-43.464611148886668,172.32764399428831&mode=fastest;car;traffic:disabled' to internal memory buffer
2017-07-29 16:57:32|   1.4|  0.0|INFORM|HTTPCaller(HTTPFactory): HTTP transfer summary - status code: 200, download size: '1236 bytes', DNS lookup time: '5.2e-05 seconds', total transfer time: '0.189371 seconds', url: 'https://route.cit.api.here.com/routing/7.2/calculateroute.json?app_id=G5t7Re1mgxWAa6MWeia9&app_code=2y-0mPdZ0QIoQ-qRrwvgMw&waypoint0=geo!-43.689740842970906,172.33797250753375&waypoint1=geo!-43.464611148886668,172.32764399428831&mode=fastest;car;traffic:disabled'
2017-07-29 16:57:33|   1.4|  0.0|INFORM|HTTPCaller(HTTPFactory): HTTP/FTP Transfer: Downloading resource 'https://route.cit.api.here.com/routing/7.2/calculateroute.json?app_id=G5t7Re1mgxWAa6MWeia9&app_code=2y-0mPdZ0QIoQ-qRrwvgMw&waypoint0=geo!-43.689740842970906,172.33797250753375&waypoint1=geo!-43.533342527868093,172.6274734639255&mode=fastest;car;traffic:disabled' to internal memory buffer
2017-07-29 16:57:33|   1.4|  0.0|INFORM|HTTPCaller(HTTPFactory): HTTP transfer summary - status code: 200, download size: '1328 bytes', DNS lookup time: '4.5e-05 seconds', total transfer time: '0.190715 seconds', url: 'https://route.cit.api.here.com/routing/7.2/calculateroute.json?app_id=G5t7Re1mgxWAa6MWeia9&app_code=2y-0mPdZ0QIoQ-qRrwvgMw&waypoint0=geo!-43.689740842970906,172.33797250753375&waypoint1=geo!-43.533342527868093,172.6274734639255&mode=fastest;car;traffic:disabled'
2017-07-29 16:57:33|   1.4|  0.0|INFORM|HTTPCaller(HTTPFactory): HTTP/FTP Transfer: Downloading resource 'https://route.cit.api.here.com/routing/7.2/calculateroute.json?app_id=G5t7Re1mgxWAa6MWeia9&app_code=2y-0mPdZ0QIoQ-qRrwvgMw&waypoint0=geo!-43.689740842970906,172.33797250753375&waypoint1=geo!-43.465017231229524,172.57327000658552&mode=fastest;car;traffic:disabled' to internal memory buffer
2017-07-29 16:57:33|   1.4|  0.0|INFORM|HTTPCaller(HTTPFactory): HTTP transfer summary - status code: 200, download size: '1369 bytes', DNS lookup time: '3.8e-05 seconds', total transfer time: '0.191144 seconds', url: 'https://route.cit.api.here.com/routing/7.2/calculateroute.json?app_id=G5t7Re1mgxWAa6MWeia9&app_code=2y-0mPdZ0QIoQ-qRrwvgMw&waypoint0=geo!-43.689740842970906,172.33797250753375&waypoint1=geo!-43.465017231229524,172.57327000658552&mode=fastest;car;traffic:disabled'
2017-07-29 16:57:33|   1.4|  0.0|INFORM|HTTPCaller(HTTPFactory): HTTP/FTP Transfer: Downloading resource 'https://route.cit.api.here.com/routing/7.2/calculateroute.json?app_id=G5t7Re1mgxWAa6MWeia9&app_code=2y-0mPdZ0QIoQ-qRrwvgMw&waypoint0=geo!-43.689740842970906,172.33797250753375&waypoint1=geo!-43.551556249110703,172.68344607526885&mode=fastest;car;traffic:disabled' to internal memory buffer
2017-07-29 16:57:33|   1.4|  0.0|INFORM|HTTPCaller(HTTPFactory): HTTP transfer summary - status code: 200, download size: '1431 bytes', DNS lookup time: '3.7e-05 seconds', total transfer time: '0.192753 seconds', url: 'https://route.cit.api.here.com/routing/7.2/calculateroute.json?app_id=G5t7Re1mgxWAa6MWeia9&app_code=2y-0mPdZ0QIoQ-qRrwvgMw&waypoint0=geo!-43.689740842970906,172.33797250753375&waypoint1=geo!-43.551556249110703,172.68344607526885&mode=fastest;car;traffic:disabled'
2017-07-29 16:57:33|   1.4|  0.0|INFORM|HTTPCaller(HTTPFactory): HTTP/FTP Transfer: Downloading resource 'https://route.cit.api.here.com/routing/7.2/calculateroute.json?app_id=G5t7Re1mgxWAa6MWeia9&app_code=2y-0mPdZ0QIoQ-qRrwvgMw&waypoint0=geo!-43.689740842970906,172.33797250753375&waypoint1=geo!-43.516942228083117,172.68112732898695&mode=fastest;car;traffic:disabled' to internal memory buffer
2017-07-29 16:57:33|   1.4|  0.0|INFORM|HTTPCaller(HTTPFactory): HTTP transfer summary - status code: 200, download size: '1536 bytes', DNS lookup time: '0.00014 seconds', total transfer time: '0.193133 seconds', url: 'https://route.cit.api.here.com/routing/7.2/calculateroute.json?app_id=G5t7Re1mgxWAa6MWeia9&app_code=2y-0mPdZ0QIoQ-qRrwvgMw&waypoint0=geo!-43.689740842970906,172.33797250753375&waypoint1=geo!-43.516942228083117,172.68112732898695&mode=fastest;car;traffic:disabled'
2017-07-29 16:57:34|   1.4|  0.0|INFORM|HTTPCaller(HTTPFactory): HTTP/FTP Transfer: Downloading resource 'https://route.cit.api.here.com/routing/7.2/calculateroute.json?app_id=G5t7Re1mgxWAa6MWeia9&app_code=2y-0mPdZ0QIoQ-qRrwvgMw&waypoint0=geo!-43.689740842970906,172.33797250753375&waypoint1=geo!-43.45234218382015,172.60288749118152&mode=fastest;car;traffic:disabled' to internal memory buffer
2017-07-29 16:57:34|   1.4|  0.0|INFORM|HTTPCaller(HTTPFactory): HTTP transfer summary - status code: 200, download size: '1364 bytes', DNS lookup time: '4.1e-05 seconds', total transfer time: '0.295028 seconds', url: 'https://route.cit.api.here.com/routing/7.2/calculateroute.json?app_id=G5t7Re1mgxWAa6MWeia9&app_code=2y-0mPdZ0QIoQ-qRrwvgMw&waypoint0=geo!-43.689740842970906,172.33797250753375&waypoint1=geo!-43.45234218382015,172.60288749118152&mode=fastest;car;traffic:disabled'
2017-07-29 16:57:34|   1.4|  0.0|INFORM|HTTPCaller(HTTPFactory): HTTP/FTP Transfer: Downloading resource 'https://route.cit.api.here.com/routing/7.2/calculateroute.json?app_id=G5t7Re1mgxWAa6MWeia9&app_code=2y-0mPdZ0QIoQ-qRrwvgMw&waypoint0=geo!-43.23323811610652,172.54817807876032&waypoint1=geo!-43.281529784238955,172.58527894847191&mode=fastest;car;traffic:disabled' to internal memory buffer
2017-07-29 16:57:34|   1.4|  0.0|INFORM|HTTPCaller(HTTPFactory): HTTP transfer summary - status code: 200, download size: '1139 bytes', DNS lookup time: '2.8e-05 seconds', total transfer time: '0.213877 seconds', url: 'https://route.cit.api.here.com/routing/7.2/calculateroute.json?app_id=G5t7Re1mgxWAa6MWeia9&app_code=2y-0mPdZ0QIoQ-qRrwvgMw&waypoint0=geo!-43.23323811610652,172.54817807876032&waypoint1=geo!-43.281529784238955,172.58527894847191&mode=fastest;car;traffic:disabled'
2017-07-29 16:57:34|   1.5|  0.0|INFORM|HTTPCaller(HTTPFactory): HTTP/FTP Transfer: Downloading resource 'https://route.cit.api.here.com/routing/7.2/calculateroute.json?app_id=G5t7Re1mgxWAa6MWeia9&app_code=2y-0mPdZ0QIoQ-qRrwvgMw&waypoint0=geo!-43.23323811610652,172.54817807876032&waypoint1=geo!-43.310517739977044,172.69642437104775&mode=fastest;car;traffic:disabled' to internal memory buffer
2017-07-29 16:57:34|   1.5|  0.0|INFORM|HTTPCaller(HTTPFactory): HTTP transfer summary - status code: 200, download size: '1537 bytes', DNS lookup time: '3.7e-05 seconds', total transfer time: '0.22548 seconds', url: 'https://route.cit.api.here.com/routing/7.2/calculateroute.json?app_id=G5t7Re1mgxWAa6MWeia9&app_code=2y-0mPdZ0QIoQ-qRrwvgMw&waypoint0=geo!-43.23323811610652,172.54817807876032&waypoint1=geo!-43.310517739977044,172.69642437104775&mode=fastest;car;traffic:disabled'
2017-07-29 16:57:34|   1.5|  0.0|INFORM|HTTPCaller(HTTPFactory): HTTP/FTP Transfer: Downloading resource 'https://route.cit.api.here.com/routing/7.2/calculateroute.json?app_id=G5t7Re1mgxWAa6MWeia9&app_code=2y-0mPdZ0QIoQ-qRrwvgMw&waypoint0=geo!-43.23323811610652,172.54817807876032&waypoint1=geo!-43.279774758928774,172.71896013769586&mode=fastest;car;traffic:disabled' to internal memory buffer
2017-07-29 16:57:34|   1.5|  0.0|INFORM|HTTPCaller(HTTPFactory): HTTP transfer summary - status code: 200, download size: '1315 bytes', DNS lookup time: '4.1e-05 seconds', total transfer time: '0.22949 seconds', url: 'https://route.cit.api.here.com/routing/7.2/calculateroute.json?app_id=G5t7Re1mgxWAa6MWeia9&app_code=2y-0mPdZ0QIoQ-qRrwvgMw&waypoint0=geo!-43.23323811610652,172.54817807876032&waypoint1=geo!-43.279774758928774,172.71896013769586&mode=fastest;car;traffic:disabled'
2017-07-29 16:57:34|   1.5|  0.0|INFORM|HTTPCaller(HTTPFactory): HTTP/FTP Transfer: Downloading resource 'https://route.cit.api.here.com/routing/7.2/calculateroute.json?app_id=G5t7Re1mgxWAa6MWeia9&app_code=2y-0mPdZ0QIoQ-qRrwvgMw&waypoint0=geo!-43.23323811610652,172.54817807876032&waypoint1=geo!-43.383573063344393,172.65837727691147&mode=fastest;car;traffic:disabled' to internal memory buffer
2017-07-29 16:57:34|   1.5|  0.0|INFORM|HTTPCaller(HTTPFactory): HTTP transfer summary - status code: 200, download size: '1718 bytes', DNS lookup time: '4.1e-05 seconds', total transfer time: '0.192878 seconds', url: 'https://route.cit.api.here.com/routing/7.2/calculateroute.json?app_id=G5t7Re1mgxWAa6MWeia9&app_code=2y-0mPdZ0QIoQ-qRrwvgMw&waypoint0=geo!-43.23323811610652,172.54817807876032&waypoint1=geo!-43.383573063344393,172.65837727691147&mode=fastest;car;traffic:disabled'
2017-07-29 16:57:35|   1.5|  0.0|INFORM|HTTPCaller(HTTPFactory): HTTP/FTP Transfer: Downloading resource 'https://route.cit.api.here.com/routing/7.2/calculateroute.json?app_id=G5t7Re1mgxWAa6MWeia9&app_code=2y-0mPdZ0QIoQ-qRrwvgMw&waypoint0=geo!-43.23323811610652,172.54817807876032&waypoint1=geo!-43.400461752453815,172.67156497991223&mode=fastest;car;traffic:disabled' to internal memory buffer
2017-07-29 16:57:35|   1.5|  0.0|INFORM|HTTPCaller(HTTPFactory): HTTP transfer summary - status code: 200, download size: '1843 bytes', DNS lookup time: '3.9e-05 seconds', total transfer time: '0.297506 seconds', url: 'https://route.cit.api.here.com/routing/7.2/calculateroute.json?app_id=G5t7Re1mgxWAa6MWeia9&app_code=2y-0mPdZ0QIoQ-qRrwvgMw&waypoint0=geo!-43.23323811610652,172.54817807876032&waypoint1=geo!-43.400461752453815,172.67156497991223&mode=fastest;car;traffic:disabled'
2017-07-29 16:57:35|   1.5|  0.0|INFORM|Processed 56 elements with mode CLASSIC
2017-07-29 16:57:35|   1.5|  0.0|INFORM|HTTPCaller(HTTPFactory): HTTP/FTP Transfer: Downloading resource 'https://route.cit.api.here.com/routing/7.2/calculateroute.json?app_id=G5t7Re1mgxWAa6MWeia9&app_code=2y-0mPdZ0QIoQ-qRrwvgMw&waypoint0=geo!-43.23323811610652,172.54817807876032&waypoint1=geo!-43.38955337956196,172.70487393807844&mode=fastest;car;traffic:disabled' to internal memory buffer
2017-07-29 16:57:35|   1.5|  0.0|INFORM|HTTPCaller(HTTPFactory): HTTP transfer summary - status code: 200, download size: '1683 bytes', DNS lookup time: '3.3e-05 seconds', total transfer time: '0.191915 seconds', url: 'https://route.cit.api.here.com/routing/7.2/calculateroute.json?app_id=G5t7Re1mgxWAa6MWeia9&app_code=2y-0mPdZ0QIoQ-qRrwvgMw&waypoint0=geo!-43.23323811610652,172.54817807876032&waypoint1=geo!-43.38955337956196,172.70487393807844&mode=fastest;car;traffic:disabled'
2017-07-29 16:57:35|   1.5|  0.0|INFORM|HTTPCaller(HTTPFactory): HTTP/FTP Transfer: Downloading resource 'https://route.cit.api.here.com/routing/7.2/calculateroute.json?app_id=G5t7Re1mgxWAa6MWeia9&app_code=2y-0mPdZ0QIoQ-qRrwvgMw&waypoint0=geo!-43.23323811610652,172.54817807876032&waypoint1=geo!-43.416837762276309,172.6454720821506&mode=fastest;car;traffic:disabled' to internal memory buffer
2017-07-29 16:57:35|   1.5|  0.0|INFORM|HTTPCaller(HTTPFactory): HTTP transfer summary - status code: 200, download size: '1791 bytes', DNS lookup time: '3e-05 seconds', total transfer time: '0.301241 seconds', url: 'https://route.cit.api.here.com/routing/7.2/calculateroute.json?app_id=G5t7Re1mgxWAa6MWeia9&app_code=2y-0mPdZ0QIoQ-qRrwvgMw&waypoint0=geo!-43.23323811610652,172.54817807876032&waypoint1=geo!-43.416837762276309,172.6454720821506&mode=fastest;car;traffic:disabled'
2017-07-29 16:57:36|   1.5|  0.0|INFORM|HTTPCaller(HTTPFactory): HTTP/FTP Transfer: Downloading resource 'https://route.cit.api.here.com/routing/7.2/calculateroute.json?app_id=G5t7Re1mgxWAa6MWeia9&app_code=2y-0mPdZ0QIoQ-qRrwvgMw&waypoint0=geo!-43.23323811610652,172.54817807876032&waypoint1=geo!-43.422279458139307,172.63000421390004&mode=fastest;car;traffic:disabled' to internal memory buffer
2017-07-29 16:57:36|   1.5|  0.0|INFORM|HTTPCaller(HTTPFactory): HTTP transfer summary - status code: 200, download size: '1769 bytes', DNS lookup time: '4.7e-05 seconds', total transfer time: '0.295065 seconds', url: 'https://route.cit.api.here.com/routing/7.2/calculateroute.json?app_id=G5t7Re1mgxWAa6MWeia9&app_code=2y-0mPdZ0QIoQ-qRrwvgMw&waypoint0=geo!-43.23323811610652,172.54817807876032&waypoint1=geo!-43.422279458139307,172.63000421390004&mode=fastest;car;traffic:disabled'
2017-07-29 16:57:36|   1.5|  0.0|INFORM|HTTPCaller(HTTPFactory): HTTP/FTP Transfer: Downloading resource 'https://route.cit.api.here.com/routing/7.2/calculateroute.json?app_id=G5t7Re1mgxWAa6MWeia9&app_code=2y-0mPdZ0QIoQ-qRrwvgMw&waypoint0=geo!-43.23323811610652,172.54817807876032&waypoint1=geo!-43.423631466921144,172.62680168866513&mode=fastest;car;traffic:disabled' to internal memory buffer
2017-07-29 16:57:36|   1.5|  0.0|INFORM|HTTPCaller(HTTPFactory): HTTP transfer summary - status code: 200, download size: '1771 bytes', DNS lookup time: '0.000168 seconds', total transfer time: '0.192732 seconds', url: 'https://route.cit.api.here.com/routing/7.2/calculateroute.json?app_id=G5t7Re1mgxWAa6MWeia9&app_code=2y-0mPdZ0QIoQ-qRrwvgMw&waypoint0=geo!-43.23323811610652,172.54817807876032&waypoint1=geo!-43.423631466921144,172.62680168866513&mode=fastest;car;traffic:disabled'
2017-07-29 16:57:36|   1.5|  0.0|INFORM|HTTPCaller(HTTPFactory): HTTP/FTP Transfer: Downloading resource 'https://route.cit.api.here.com/routing/7.2/calculateroute.json?app_id=G5t7Re1mgxWAa6MWeia9&app_code=2y-0mPdZ0QIoQ-qRrwvgMw&waypoint0=geo!-43.23323811610652,172.54817807876032&waypoint1=geo!-43.069202459328366,172.74572252251059&mode=fastest;car;traffic:disabled' to internal memory buffer
2017-07-29 16:57:36|   1.5|  0.0|INFORM|HTTPCaller(HTTPFactory): HTTP transfer summary - status code: 200, download size: '1421 bytes', DNS lookup time: '4.7e-05 seconds', total transfer time: '0.303424 seconds', url: 'https://route.cit.api.here.com/routing/7.2/calculateroute.json?app_id=G5t7Re1mgxWAa6MWeia9&app_code=2y-0mPdZ0QIoQ-qRrwvgMw&waypoint0=geo!-43.23323811610652,172.54817807876032&waypoint1=geo!-43.069202459328366,172.74572252251059&mode=fastest;car;traffic:disabled'
2017-07-29 16:57:36|   1.5|  0.0|INFORM|HTTPCaller(HTTPFactory): HTTP/FTP Transfer: Downloading resource 'https://route.cit.api.here.com/routing/7.2/calculateroute.json?app_id=G5t7Re1mgxWAa6MWeia9&app_code=2y-0mPdZ0QIoQ-qRrwvgMw&waypoint0=geo!-42.908594658301716,173.01220580155123&waypoint1=geo!-42.900377400900844,173.10127023919648&mode=fastest;car;traffic:disabled' to internal memory buffer
2017-07-29 16:57:36|   1.5|  0.0|INFORM|HTTPCaller(HTTPFactory): HTTP transfer summary - status code: 200, download size: '930 bytes', DNS lookup time: '2.9e-05 seconds', total transfer time: '0.186476 seconds', url: 'https://route.cit.api.here.com/routing/7.2/calculateroute.json?app_id=G5t7Re1mgxWAa6MWeia9&app_code=2y-0mPdZ0QIoQ-qRrwvgMw&waypoint0=geo!-42.908594658301716,173.01220580155123&waypoint1=geo!-42.900377400900844,173.10127023919648&mode=fastest;car;traffic:disabled'
2017-07-29 16:57:37|   1.5|  0.0|INFORM|HTTPCaller(HTTPFactory): HTTP/FTP Transfer: Downloading resource 'https://route.cit.api.here.com/routing/7.2/calculateroute.json?app_id=G5t7Re1mgxWAa6MWeia9&app_code=2y-0mPdZ0QIoQ-qRrwvgMw&waypoint0=geo!-42.908594658301716,173.01220580155123&waypoint1=geo!-43.047871285394841,173.07953061619295&mode=fastest;car;traffic:disabled' to internal memory buffer
2017-07-29 16:57:37|   1.5|  0.0|INFORM|HTTPCaller(HTTPFactory): HTTP transfer summary - status code: 200, download size: '1182 bytes', DNS lookup time: '4.1e-05 seconds', total transfer time: '0.294864 seconds', url: 'https://route.cit.api.here.com/routing/7.2/calculateroute.json?app_id=G5t7Re1mgxWAa6MWeia9&app_code=2y-0mPdZ0QIoQ-qRrwvgMw&waypoint0=geo!-42.908594658301716,173.01220580155123&waypoint1=geo!-43.047871285394841,173.07953061619295&mode=fastest;car;traffic:disabled'
2017-07-29 16:57:37|   1.5|  0.0|INFORM|HTTPCaller(HTTPFactory): HTTP/FTP Transfer: Downloading resource 'https://route.cit.api.here.com/routing/7.2/calculateroute.json?app_id=G5t7Re1mgxWAa6MWeia9&app_code=2y-0mPdZ0QIoQ-qRrwvgMw&waypoint0=geo!-42.908594658301716,173.01220580155123&waypoint1=geo!-42.870709776618781,172.76674226155708&mode=fastest;car;traffic:disabled' to internal memory buffer
2017-07-29 16:57:37|   1.5|  0.0|INFORM|HTTPCaller(HTTPFactory): HTTP transfer summary - status code: 200, download size: '965 bytes', DNS lookup time: '3.4e-05 seconds', total transfer time: '0.211242 seconds', url: 'https://route.cit.api.here.com/routing/7.2/calculateroute.json?app_id=G5t7Re1mgxWAa6MWeia9&app_code=2y-0mPdZ0QIoQ-qRrwvgMw&waypoint0=geo!-42.908594658301716,173.01220580155123&waypoint1=geo!-42.870709776618781,172.76674226155708&mode=fastest;car;traffic:disabled'
2017-07-29 16:57:37|   1.5|  0.0|INFORM|HTTPCaller(HTTPFactory): HTTP/FTP Transfer: Downloading resource 'https://route.cit.api.here.com/routing/7.2/calculateroute.json?app_id=G5t7Re1mgxWAa6MWeia9&app_code=2y-0mPdZ0QIoQ-qRrwvgMw&waypoint0=geo!-42.908594658301716,173.01220580155123&waypoint1=geo!-43.069202459328366,172.74572252251059&mode=fastest;car;traffic:disabled' to internal memory buffer
2017-07-29 16:57:37|   1.5|  0.0|INFORM|HTTPCaller(HTTPFactory): HTTP transfer summary - status code: 200, download size: '1065 bytes', DNS lookup time: '4.2e-05 seconds', total transfer time: '0.309327 seconds', url: 'https://route.cit.api.here.com/routing/7.2/calculateroute.json?app_id=G5t7Re1mgxWAa6MWeia9&app_code=2y-0mPdZ0QIoQ-qRrwvgMw&waypoint0=geo!-42.908594658301716,173.01220580155123&waypoint1=geo!-43.069202459328366,172.74572252251059&mode=fastest;car;traffic:disabled'
2017-07-29 16:57:37|   1.5|  0.0|INFORM|HTTPCaller(HTTPFactory): HTTP/FTP Transfer: Downloading resource 'https://route.cit.api.here.com/routing/7.2/calculateroute.json?app_id=G5t7Re1mgxWAa6MWeia9&app_code=2y-0mPdZ0QIoQ-qRrwvgMw&waypoint0=geo!-42.908594658301716,173.01220580155123&waypoint1=geo!-42.655467837095863,173.03456386046875&mode=fastest;car;traffic:disabled' to internal memory buffer
2017-07-29 16:57:37|   1.5|  0.0|INFORM|HTTPCaller(HTTPFactory): HTTP transfer summary - status code: 200, download size: '1083 bytes', DNS lookup time: '4.3e-05 seconds', total transfer time: '0.229698 seconds', url: 'https://route.cit.api.here.com/routing/7.2/calculateroute.json?app_id=G5t7Re1mgxWAa6MWeia9&app_code=2y-0mPdZ0QIoQ-qRrwvgMw&waypoint0=geo!-42.908594658301716,173.01220580155123&waypoint1=geo!-42.655467837095863,173.03456386046875&mode=fastest;car;traffic:disabled'
2017-07-29 16:57:38|   1.5|  0.0|INFORM|HTTPCaller(HTTPFactory): HTTP/FTP Transfer: Downloading resource 'https://route.cit.api.here.com/routing/7.2/calculateroute.json?app_id=G5t7Re1mgxWAa6MWeia9&app_code=2y-0mPdZ0QIoQ-qRrwvgMw&waypoint0=geo!-42.908594658301716,173.01220580155123&waypoint1=geo!-42.654298657841458,173.03041059873678&mode=fastest;car;traffic:disabled' to internal memory buffer
2017-07-29 16:57:38|   1.5|  0.0|INFORM|HTTPCaller(HTTPFactory): HTTP transfer summary - status code: 200, download size: '1061 bytes', DNS lookup time: '4e-05 seconds', total transfer time: '0.228297 seconds', url: 'https://route.cit.api.here.com/routing/7.2/calculateroute.json?app_id=G5t7Re1mgxWAa6MWeia9&app_code=2y-0mPdZ0QIoQ-qRrwvgMw&waypoint0=geo!-42.908594658301716,173.01220580155123&waypoint1=geo!-42.654298657841458,173.03041059873678&mode=fastest;car;traffic:disabled'
2017-07-29 16:57:38|   1.5|  0.0|INFORM|HTTPCaller(HTTPFactory): HTTP/FTP Transfer: Downloading resource 'https://route.cit.api.here.com/routing/7.2/calculateroute.json?app_id=G5t7Re1mgxWAa6MWeia9&app_code=2y-0mPdZ0QIoQ-qRrwvgMw&waypoint0=geo!-42.908594658301716,173.01220580155123&waypoint1=geo!-43.279774758928774,172.71896013769586&mode=fastest;car;traffic:disabled' to internal memory buffer
2017-07-29 16:57:38|   1.5|  0.0|INFORM|HTTPCaller(HTTPFactory): HTTP transfer summary - status code: 200, download size: '1089 bytes', DNS lookup time: '4.8e-05 seconds', total transfer time: '0.190378 seconds', url: 'https://route.cit.api.here.com/routing/7.2/calculateroute.json?app_id=G5t7Re1mgxWAa6MWeia9&app_code=2y-0mPdZ0QIoQ-qRrwvgMw&waypoint0=geo!-42.908594658301716,173.01220580155123&waypoint1=geo!-43.279774758928774,172.71896013769586&mode=fastest;car;traffic:disabled'
2017-07-29 16:57:38|   1.5|  0.0|INFORM|HTTPCaller(HTTPFactory): HTTP/FTP Transfer: Downloading resource 'https://route.cit.api.here.com/routing/7.2/calculateroute.json?app_id=G5t7Re1mgxWAa6MWeia9&app_code=2y-0mPdZ0QIoQ-qRrwvgMw&waypoint0=geo!-42.908594658301716,173.01220580155123&waypoint1=geo!-43.310517739977044,172.69642437104775&mode=fastest;car;traffic:disabled' to internal memory buffer
2017-07-29 16:57:38|   1.5|  0.0|INFORM|HTTPCaller(HTTPFactory): HTTP transfer summary - status code: 200, download size: '1294 bytes', DNS lookup time: '3.8e-05 seconds', total transfer time: '0.267808 seconds', url: 'https://route.cit.api.here.com/routing/7.2/calculateroute.json?app_id=G5t7Re1mgxWAa6MWeia9&app_code=2y-0mPdZ0QIoQ-qRrwvgMw&waypoint0=geo!-42.908594658301716,173.01220580155123&waypoint1=geo!-43.310517739977044,172.69642437104775&mode=fastest;car;traffic:disabled'
2017-07-29 16:57:38|   1.5|  0.0|INFORM|HTTPCaller(HTTPFactory): HTTP/FTP Transfer: Downloading resource 'https://route.cit.api.here.com/routing/7.2/calculateroute.json?app_id=G5t7Re1mgxWAa6MWeia9&app_code=2y-0mPdZ0QIoQ-qRrwvgMw&waypoint0=geo!-42.908594658301716,173.01220580155123&waypoint1=geo!-43.281529784238955,172.58527894847191&mode=fastest;car;traffic:disabled' to internal memory buffer
2017-07-29 16:57:38|   1.5|  0.0|INFORM|HTTPCaller(HTTPFactory): HTTP transfer summary - status code: 200, download size: '1220 bytes', DNS lookup time: '4.4e-05 seconds', total transfer time: '0.244955 seconds', url: 'https://route.cit.api.here.com/routing/7.2/calculateroute.json?app_id=G5t7Re1mgxWAa6MWeia9&app_code=2y-0mPdZ0QIoQ-qRrwvgMw&waypoint0=geo!-42.908594658301716,173.01220580155123&waypoint1=geo!-43.281529784238955,172.58527894847191&mode=fastest;car;traffic:disabled'
2017-07-29 16:57:38|   1.5|  0.0|INFORM|HTTPCaller(HTTPFactory): HTTP/FTP Transfer: Downloading resource 'https://route.cit.api.here.com/routing/7.2/calculateroute.json?app_id=G5t7Re1mgxWAa6MWeia9&app_code=2y-0mPdZ0QIoQ-qRrwvgMw&waypoint0=geo!-42.908594658301716,173.01220580155123&waypoint1=geo!-43.38955337956196,172.70487393807844&mode=fastest;car;traffic:disabled' to internal memory buffer
2017-07-29 16:57:38|   1.5|  0.0|INFORM|HTTPCaller(HTTPFactory): HTTP transfer summary - status code: 200, download size: '1257 bytes', DNS lookup time: '4.6e-05 seconds', total transfer time: '0.193836 seconds', url: 'https://route.cit.api.here.com/routing/7.2/calculateroute.json?app_id=G5t7Re1mgxWAa6MWeia9&app_code=2y-0mPdZ0QIoQ-qRrwvgMw&waypoint0=geo!-42.908594658301716,173.01220580155123&waypoint1=geo!-43.38955337956196,172.70487393807844&mode=fastest;car;traffic:disabled'
2017-07-29 16:57:39|   1.6|  0.0|INFORM|HTTPCaller(HTTPFactory): HTTP/FTP Transfer: Downloading resource 'https://route.cit.api.here.com/routing/7.2/calculateroute.json?app_id=G5t7Re1mgxWAa6MWeia9&app_code=2y-0mPdZ0QIoQ-qRrwvgMw&waypoint0=geo!-43.759113452805643,172.98561305798142&waypoint1=geo!-43.551556249110703,172.68344607526885&mode=fastest;car;traffic:disabled' to internal memory buffer
2017-07-29 16:57:39|   1.6|  0.0|INFORM|HTTPCaller(HTTPFactory): HTTP transfer summary - status code: 200, download size: '1800 bytes', DNS lookup time: '4.4e-05 seconds', total transfer time: '0.30282 seconds', url: 'https://route.cit.api.here.com/routing/7.2/calculateroute.json?app_id=G5t7Re1mgxWAa6MWeia9&app_code=2y-0mPdZ0QIoQ-qRrwvgMw&waypoint0=geo!-43.759113452805643,172.98561305798142&waypoint1=geo!-43.551556249110703,172.68344607526885&mode=fastest;car;traffic:disabled'
2017-07-29 16:57:39|   1.6|  0.0|INFORM|HTTPCaller(HTTPFactory): HTTP/FTP Transfer: Downloading resource 'https://route.cit.api.here.com/routing/7.2/calculateroute.json?app_id=G5t7Re1mgxWAa6MWeia9&app_code=2y-0mPdZ0QIoQ-qRrwvgMw&waypoint0=geo!-43.759113452805643,172.98561305798142&waypoint1=geo!-43.516942228083117,172.68112732898695&mode=fastest;car;traffic:disabled' to internal memory buffer
2017-07-29 16:57:39|   1.6|  0.0|INFORM|HTTPCaller(HTTPFactory): HTTP transfer summary - status code: 200, download size: '1915 bytes', DNS lookup time: '3.6e-05 seconds', total transfer time: '0.316291 seconds', url: 'https://route.cit.api.here.com/routing/7.2/calculateroute.json?app_id=G5t7Re1mgxWAa6MWeia9&app_code=2y-0mPdZ0QIoQ-qRrwvgMw&waypoint0=geo!-43.759113452805643,172.98561305798142&waypoint1=geo!-43.516942228083117,172.68112732898695&mode=fastest;car;traffic:disabled'
2017-07-29 16:57:39|   1.6|  0.0|INFORM|HTTPCaller(HTTPFactory): HTTP/FTP Transfer: Downloading resource 'https://route.cit.api.here.com/routing/7.2/calculateroute.json?app_id=G5t7Re1mgxWAa6MWeia9&app_code=2y-0mPdZ0QIoQ-qRrwvgMw&waypoint0=geo!-43.759113452805643,172.98561305798142&waypoint1=geo!-43.533342527868093,172.6274734639255&mode=fastest;car;traffic:disabled' to internal memory buffer
2017-07-29 16:57:39|   1.6|  0.0|INFORM|HTTPCaller(HTTPFactory): HTTP transfer summary - status code: 200, download size: '1513 bytes', DNS lookup time: '3.3e-05 seconds', total transfer time: '0.30517 seconds', url: 'https://route.cit.api.here.com/routing/7.2/calculateroute.json?app_id=G5t7Re1mgxWAa6MWeia9&app_code=2y-0mPdZ0QIoQ-qRrwvgMw&waypoint0=geo!-43.759113452805643,172.98561305798142&waypoint1=geo!-43.533342527868093,172.6274734639255&mode=fastest;car;traffic:disabled'
2017-07-29 16:57:40|   1.6|  0.0|INFORM|HTTPCaller(HTTPFactory): HTTP/FTP Transfer: Downloading resource 'https://route.cit.api.here.com/routing/7.2/calculateroute.json?app_id=G5t7Re1mgxWAa6MWeia9&app_code=2y-0mPdZ0QIoQ-qRrwvgMw&waypoint0=geo!-43.759113452805643,172.98561305798142&waypoint1=geo!-43.713856054067953,172.43912714522949&mode=fastest;car;traffic:disabled' to internal memory buffer
2017-07-29 16:57:40|   1.6|  0.0|INFORM|HTTPCaller(HTTPFactory): HTTP transfer summary - status code: 200, download size: '1486 bytes', DNS lookup time: '2.6e-05 seconds', total transfer time: '0.190472 seconds', url: 'https://route.cit.api.here.com/routing/7.2/calculateroute.json?app_id=G5t7Re1mgxWAa6MWeia9&app_code=2y-0mPdZ0QIoQ-qRrwvgMw&waypoint0=geo!-43.759113452805643,172.98561305798142&waypoint1=geo!-43.713856054067953,172.43912714522949&mode=fastest;car;traffic:disabled'
2017-07-29 16:57:40|   1.6|  0.0|INFORM|Processed 75 elements with mode CLASSIC
2017-07-29 16:57:40|   1.6|  0.0|INFORM|HTTPCaller(HTTPFactory): HTTP/FTP Transfer: Downloading resource 'https://route.cit.api.here.com/routing/7.2/calculateroute.json?app_id=G5t7Re1mgxWAa6MWeia9&app_code=2y-0mPdZ0QIoQ-qRrwvgMw&waypoint0=geo!-43.759113452805643,172.98561305798142&waypoint1=geo!-43.451274855676175,172.60660090596036&mode=fastest;car;traffic:disabled' to internal memory buffer
2017-07-29 16:57:40|   1.6|  0.0|INFORM|HTTPCaller(HTTPFactory): HTTP transfer summary - status code: 200, download size: '1605 bytes', DNS lookup time: '3.8e-05 seconds', total transfer time: '0.438105 seconds', url: 'https://route.cit.api.here.com/routing/7.2/calculateroute.json?app_id=G5t7Re1mgxWAa6MWeia9&app_code=2y-0mPdZ0QIoQ-qRrwvgMw&waypoint0=geo!-43.759113452805643,172.98561305798142&waypoint1=geo!-43.451274855676175,172.60660090596036&mode=fastest;car;traffic:disabled'
2017-07-29 16:57:40|   1.6|  0.0|INFORM|HTTPCaller(HTTPFactory): HTTP/FTP Transfer: Downloading resource 'https://route.cit.api.here.com/routing/7.2/calculateroute.json?app_id=G5t7Re1mgxWAa6MWeia9&app_code=2y-0mPdZ0QIoQ-qRrwvgMw&waypoint0=geo!-43.759113452805643,172.98561305798142&waypoint1=geo!-43.45234218382015,172.60288749118152&mode=fastest;car;traffic:disabled' to internal memory buffer
2017-07-29 16:57:40|   1.6|  0.0|INFORM|HTTPCaller(HTTPFactory): HTTP transfer summary - status code: 200, download size: '1655 bytes', DNS lookup time: '3.8e-05 seconds', total transfer time: '0.19504 seconds', url: 'https://route.cit.api.here.com/routing/7.2/calculateroute.json?app_id=G5t7Re1mgxWAa6MWeia9&app_code=2y-0mPdZ0QIoQ-qRrwvgMw&waypoint0=geo!-43.759113452805643,172.98561305798142&waypoint1=geo!-43.45234218382015,172.60288749118152&mode=fastest;car;traffic:disabled'
2017-07-29 16:57:40|   1.6|  0.0|INFORM|HTTPCaller(HTTPFactory): HTTP/FTP Transfer: Downloading resource 'https://route.cit.api.here.com/routing/7.2/calculateroute.json?app_id=G5t7Re1mgxWAa6MWeia9&app_code=2y-0mPdZ0QIoQ-qRrwvgMw&waypoint0=geo!-43.759113452805643,172.98561305798142&waypoint1=geo!-43.696177264302214,172.41336313404489&mode=fastest;car;traffic:disabled' to internal memory buffer
2017-07-29 16:57:40|   1.6|  0.0|INFORM|HTTPCaller(HTTPFactory): HTTP transfer summary - status code: 200, download size: '1467 bytes', DNS lookup time: '4.3e-05 seconds', total transfer time: '0.191087 seconds', url: 'https://route.cit.api.here.com/routing/7.2/calculateroute.json?app_id=G5t7Re1mgxWAa6MWeia9&app_code=2y-0mPdZ0QIoQ-qRrwvgMw&waypoint0=geo!-43.759113452805643,172.98561305798142&waypoint1=geo!-43.696177264302214,172.41336313404489&mode=fastest;car;traffic:disabled'
2017-07-29 16:57:41|   1.6|  0.0|INFORM|HTTPCaller(HTTPFactory): HTTP/FTP Transfer: Downloading resource 'https://route.cit.api.here.com/routing/7.2/calculateroute.json?app_id=G5t7Re1mgxWAa6MWeia9&app_code=2y-0mPdZ0QIoQ-qRrwvgMw&waypoint0=geo!-43.759113452805643,172.98561305798142&waypoint1=geo!-43.465017231229524,172.57327000658552&mode=fastest;car;traffic:disabled' to internal memory buffer
2017-07-29 16:57:41|   1.6|  0.0|INFORM|HTTPCaller(HTTPFactory): HTTP transfer summary - status code: 200, download size: '1685 bytes', DNS lookup time: '3.8e-05 seconds', total transfer time: '0.19494 seconds', url: 'https://route.cit.api.here.com/routing/7.2/calculateroute.json?app_id=G5t7Re1mgxWAa6MWeia9&app_code=2y-0mPdZ0QIoQ-qRrwvgMw&waypoint0=geo!-43.759113452805643,172.98561305798142&waypoint1=geo!-43.465017231229524,172.57327000658552&mode=fastest;car;traffic:disabled'
2017-07-29 16:57:41|   1.6|  0.0|INFORM|HTTPCaller(HTTPFactory): HTTP/FTP Transfer: Downloading resource 'https://route.cit.api.here.com/routing/7.2/calculateroute.json?app_id=G5t7Re1mgxWAa6MWeia9&app_code=2y-0mPdZ0QIoQ-qRrwvgMw&waypoint0=geo!-43.759113452805643,172.98561305798142&waypoint1=geo!-43.38955337956196,172.70487393807844&mode=fastest;car;traffic:disabled' to internal memory buffer
2017-07-29 16:57:41|   1.6|  0.0|INFORM|HTTPCaller(HTTPFactory): HTTP transfer summary - status code: 200, download size: '1974 bytes', DNS lookup time: '6.9e-05 seconds', total transfer time: '0.30053 seconds', url: 'https://route.cit.api.here.com/routing/7.2/calculateroute.json?app_id=G5t7Re1mgxWAa6MWeia9&app_code=2y-0mPdZ0QIoQ-qRrwvgMw&waypoint0=geo!-43.759113452805643,172.98561305798142&waypoint1=geo!-43.38955337956196,172.70487393807844&mode=fastest;car;traffic:disabled'
2017-07-29 16:57:41|   1.6|  0.0|INFORM|HTTPCaller(HTTPFactory): HTTP/FTP Transfer: Downloading resource 'https://route.cit.api.here.com/routing/7.2/calculateroute.json?app_id=G5t7Re1mgxWAa6MWeia9&app_code=2y-0mPdZ0QIoQ-qRrwvgMw&waypoint0=geo!-43.759113452805643,172.98561305798142&waypoint1=geo!-43.416837762276309,172.6454720821506&mode=fastest;car;traffic:disabled' to internal memory buffer
2017-07-29 16:57:41|   1.6|  0.0|INFORM|HTTPCaller(HTTPFactory): HTTP transfer summary - status code: 200, download size: '1741 bytes', DNS lookup time: '2.6e-05 seconds', total transfer time: '0.228666 seconds', url: 'https://route.cit.api.here.com/routing/7.2/calculateroute.json?app_id=G5t7Re1mgxWAa6MWeia9&app_code=2y-0mPdZ0QIoQ-qRrwvgMw&waypoint0=geo!-43.759113452805643,172.98561305798142&waypoint1=geo!-43.416837762276309,172.6454720821506&mode=fastest;car;traffic:disabled'
2017-07-29 16:57:41|   1.6|  0.0|INFORM|HTTPCaller(HTTPFactory): HTTP/FTP Transfer: Downloading resource 'https://route.cit.api.here.com/routing/7.2/calculateroute.json?app_id=G5t7Re1mgxWAa6MWeia9&app_code=2y-0mPdZ0QIoQ-qRrwvgMw&waypoint0=geo!-43.524215933340045,172.67014529940116&waypoint1=geo!-43.516942228083117,172.68112732898695&mode=fastest;car;traffic:disabled' to internal memory buffer
2017-07-29 16:57:41|   1.6|  0.0|INFORM|HTTPCaller(HTTPFactory): HTTP transfer summary - status code: 200, download size: '988 bytes', DNS lookup time: '4.3e-05 seconds', total transfer time: '0.219922 seconds', url: 'https://route.cit.api.here.com/routing/7.2/calculateroute.json?app_id=G5t7Re1mgxWAa6MWeia9&app_code=2y-0mPdZ0QIoQ-qRrwvgMw&waypoint0=geo!-43.524215933340045,172.67014529940116&waypoint1=geo!-43.516942228083117,172.68112732898695&mode=fastest;car;traffic:disabled'
2017-07-29 16:57:42|   1.6|  0.0|INFORM|HTTPCaller(HTTPFactory): HTTP/FTP Transfer: Downloading resource 'https://route.cit.api.here.com/routing/7.2/calculateroute.json?app_id=G5t7Re1mgxWAa6MWeia9&app_code=2y-0mPdZ0QIoQ-qRrwvgMw&waypoint0=geo!-43.524215933340045,172.67014529940116&waypoint1=geo!-43.551556249110703,172.68344607526885&mode=fastest;car;traffic:disabled' to internal memory buffer
2017-07-29 16:57:42|   1.6|  0.0|INFORM|HTTPCaller(HTTPFactory): HTTP transfer summary - status code: 200, download size: '995 bytes', DNS lookup time: '4.7e-05 seconds', total transfer time: '0.234182 seconds', url: 'https://route.cit.api.here.com/routing/7.2/calculateroute.json?app_id=G5t7Re1mgxWAa6MWeia9&app_code=2y-0mPdZ0QIoQ-qRrwvgMw&waypoint0=geo!-43.524215933340045,172.67014529940116&waypoint1=geo!-43.551556249110703,172.68344607526885&mode=fastest;car;traffic:disabled'
2017-07-29 16:57:42|   1.6|  0.0|INFORM|HTTPCaller(HTTPFactory): HTTP/FTP Transfer: Downloading resource 'https://route.cit.api.here.com/routing/7.2/calculateroute.json?app_id=G5t7Re1mgxWAa6MWeia9&app_code=2y-0mPdZ0QIoQ-qRrwvgMw&waypoint0=geo!-43.524215933340045,172.67014529940116&waypoint1=geo!-43.533342527868093,172.6274734639255&mode=fastest;car;traffic:disabled' to internal memory buffer
2017-07-29 16:57:42|   1.6|  0.0|INFORM|HTTPCaller(HTTPFactory): HTTP transfer summary - status code: 200, download size: '997 bytes', DNS lookup time: '3.5e-05 seconds', total transfer time: '0.189403 seconds', url: 'https://route.cit.api.here.com/routing/7.2/calculateroute.json?app_id=G5t7Re1mgxWAa6MWeia9&app_code=2y-0mPdZ0QIoQ-qRrwvgMw&waypoint0=geo!-43.524215933340045,172.67014529940116&waypoint1=geo!-43.533342527868093,172.6274734639255&mode=fastest;car;traffic:disabled'
2017-07-29 16:57:42|   1.6|  0.0|INFORM|HTTPCaller(HTTPFactory): HTTP/FTP Transfer: Downloading resource 'https://route.cit.api.here.com/routing/7.2/calculateroute.json?app_id=G5t7Re1mgxWAa6MWeia9&app_code=2y-0mPdZ0QIoQ-qRrwvgMw&waypoint0=geo!-43.524215933340045,172.67014529940116&waypoint1=geo!-43.451274855676175,172.60660090596036&mode=fastest;car;traffic:disabled' to internal memory buffer
2017-07-29 16:57:42|   1.6|  0.0|INFORM|HTTPCaller(HTTPFactory): HTTP transfer summary - status code: 200, download size: '1365 bytes', DNS lookup time: '4.4e-05 seconds', total transfer time: '0.271137 seconds', url: 'https://route.cit.api.here.com/routing/7.2/calculateroute.json?app_id=G5t7Re1mgxWAa6MWeia9&app_code=2y-0mPdZ0QIoQ-qRrwvgMw&waypoint0=geo!-43.524215933340045,172.67014529940116&waypoint1=geo!-43.451274855676175,172.60660090596036&mode=fastest;car;traffic:disabled'
2017-07-29 16:57:42|   1.6|  0.0|INFORM|HTTPCaller(HTTPFactory): HTTP/FTP Transfer: Downloading resource 'https://route.cit.api.here.com/routing/7.2/calculateroute.json?app_id=G5t7Re1mgxWAa6MWeia9&app_code=2y-0mPdZ0QIoQ-qRrwvgMw&waypoint0=geo!-43.524215933340045,172.67014529940116&waypoint1=geo!-43.45234218382015,172.60288749118152&mode=fastest;car;traffic:disabled' to internal memory buffer
2017-07-29 16:57:42|   1.6|  0.0|INFORM|HTTPCaller(HTTPFactory): HTTP transfer summary - status code: 200, download size: '1411 bytes', DNS lookup time: '4.3e-05 seconds', total transfer time: '0.267307 seconds', url: 'https://route.cit.api.here.com/routing/7.2/calculateroute.json?app_id=G5t7Re1mgxWAa6MWeia9&app_code=2y-0mPdZ0QIoQ-qRrwvgMw&waypoint0=geo!-43.524215933340045,172.67014529940116&waypoint1=geo!-43.45234218382015,172.60288749118152&mode=fastest;car;traffic:disabled'
2017-07-29 16:57:43|   1.6|  0.0|INFORM|HTTPCaller(HTTPFactory): HTTP/FTP Transfer: Downloading resource 'https://route.cit.api.here.com/routing/7.2/calculateroute.json?app_id=G5t7Re1mgxWAa6MWeia9&app_code=2y-0mPdZ0QIoQ-qRrwvgMw&waypoint0=geo!-43.524215933340045,172.67014529940116&waypoint1=geo!-43.465017231229524,172.57327000658552&mode=fastest;car;traffic:disabled' to internal memory buffer
2017-07-29 16:57:43|   1.6|  0.0|INFORM|HTTPCaller(HTTPFactory): HTTP transfer summary - status code: 200, download size: '1325 bytes', DNS lookup time: '4.1e-05 seconds', total transfer time: '0.190713 seconds', url: 'https://route.cit.api.here.com/routing/7.2/calculateroute.json?app_id=G5t7Re1mgxWAa6MWeia9&app_code=2y-0mPdZ0QIoQ-qRrwvgMw&waypoint0=geo!-43.524215933340045,172.67014529940116&waypoint1=geo!-43.465017231229524,172.57327000658552&mode=fastest;car;traffic:disabled'
2017-07-29 16:57:43|   1.6|  0.0|INFORM|HTTPCaller(HTTPFactory): HTTP/FTP Transfer: Downloading resource 'https://route.cit.api.here.com/routing/7.2/calculateroute.json?app_id=G5t7Re1mgxWAa6MWeia9&app_code=2y-0mPdZ0QIoQ-qRrwvgMw&waypoint0=geo!-43.524215933340045,172.67014529940116&waypoint1=geo!-43.423631466921144,172.62680168866513&mode=fastest;car;traffic:disabled' to internal memory buffer
2017-07-29 16:57:43|   1.6|  0.0|INFORM|HTTPCaller(HTTPFactory): HTTP transfer summary - status code: 200, download size: '1285 bytes', DNS lookup time: '6.6e-05 seconds', total transfer time: '0.308642 seconds', url: 'https://route.cit.api.here.com/routing/7.2/calculateroute.json?app_id=G5t7Re1mgxWAa6MWeia9&app_code=2y-0mPdZ0QIoQ-qRrwvgMw&waypoint0=geo!-43.524215933340045,172.67014529940116&waypoint1=geo!-43.423631466921144,172.62680168866513&mode=fastest;car;traffic:disabled'
2017-07-29 16:57:43|   1.6|  0.0|INFORM|HTTPCaller(HTTPFactory): HTTP/FTP Transfer: Downloading resource 'https://route.cit.api.here.com/routing/7.2/calculateroute.json?app_id=G5t7Re1mgxWAa6MWeia9&app_code=2y-0mPdZ0QIoQ-qRrwvgMw&waypoint0=geo!-43.524215933340045,172.67014529940116&waypoint1=geo!-43.422279458139307,172.63000421390004&mode=fastest;car;traffic:disabled' to internal memory buffer
2017-07-29 16:57:43|   1.6|  0.0|INFORM|HTTPCaller(HTTPFactory): HTTP transfer summary - status code: 200, download size: '1283 bytes', DNS lookup time: '2.9e-05 seconds', total transfer time: '0.312875 seconds', url: 'https://route.cit.api.here.com/routing/7.2/calculateroute.json?app_id=G5t7Re1mgxWAa6MWeia9&app_code=2y-0mPdZ0QIoQ-qRrwvgMw&waypoint0=geo!-43.524215933340045,172.67014529940116&waypoint1=geo!-43.422279458139307,172.63000421390004&mode=fastest;car;traffic:disabled'
2017-07-29 16:57:43|   1.6|  0.0|INFORM|HTTPCaller(HTTPFactory): HTTP/FTP Transfer: Downloading resource 'https://route.cit.api.here.com/routing/7.2/calculateroute.json?app_id=G5t7Re1mgxWAa6MWeia9&app_code=2y-0mPdZ0QIoQ-qRrwvgMw&waypoint0=geo!-43.524215933340045,172.67014529940116&waypoint1=geo!-43.416837762276309,172.6454720821506&mode=fastest;car;traffic:disabled' to internal memory buffer
2017-07-29 16:57:43|   1.6|  0.0|INFORM|HTTPCaller(HTTPFactory): HTTP transfer summary - status code: 200, download size: '1314 bytes', DNS lookup time: '2.5e-05 seconds', total transfer time: '0.191271 seconds', url: 'https://route.cit.api.here.com/routing/7.2/calculateroute.json?app_id=G5t7Re1mgxWAa6MWeia9&app_code=2y-0mPdZ0QIoQ-qRrwvgMw&waypoint0=geo!-43.524215933340045,172.67014529940116&waypoint1=geo!-43.416837762276309,172.6454720821506&mode=fastest;car;traffic:disabled'
2017-07-29 16:57:44|   1.6|  0.0|INFORM|HTTPCaller(HTTPFactory): HTTP/FTP Transfer: Downloading resource 'https://route.cit.api.here.com/routing/7.2/calculateroute.json?app_id=G5t7Re1mgxWAa6MWeia9&app_code=2y-0mPdZ0QIoQ-qRrwvgMw&waypoint0=geo!-43.524215933340045,172.67014529940116&waypoint1=geo!-43.400461752453815,172.67156497991223&mode=fastest;car;traffic:disabled' to internal memory buffer
2017-07-29 16:57:44|   1.6|  0.0|INFORM|HTTPCaller(HTTPFactory): HTTP transfer summary - status code: 200, download size: '1324 bytes', DNS lookup time: '4.9e-05 seconds', total transfer time: '0.308411 seconds', url: 'https://route.cit.api.here.com/routing/7.2/calculateroute.json?app_id=G5t7Re1mgxWAa6MWeia9&app_code=2y-0mPdZ0QIoQ-qRrwvgMw&waypoint0=geo!-43.524215933340045,172.67014529940116&waypoint1=geo!-43.400461752453815,172.67156497991223&mode=fastest;car;traffic:disabled'
2017-07-29 16:57:44|   1.7|  0.0|INFORM|HTTPCaller(HTTPFactory): HTTP/FTP Transfer: Downloading resource 'https://route.cit.api.here.com/routing/7.2/calculateroute.json?app_id=G5t7Re1mgxWAa6MWeia9&app_code=2y-0mPdZ0QIoQ-qRrwvgMw&waypoint0=geo!-43.549914755674095,171.97838602847915&waypoint1=geo!-43.486609910609367,171.93420939700809&mode=fastest;car;traffic:disabled' to internal memory buffer
2017-07-29 16:57:44|   1.7|  0.0|INFORM|HTTPCaller(HTTPFactory): HTTP transfer summary - status code: 200, download size: '1084 bytes', DNS lookup time: '4.8e-05 seconds', total transfer time: '0.293423 seconds', url: 'https://route.cit.api.here.com/routing/7.2/calculateroute.json?app_id=G5t7Re1mgxWAa6MWeia9&app_code=2y-0mPdZ0QIoQ-qRrwvgMw&waypoint0=geo!-43.549914755674095,171.97838602847915&waypoint1=geo!-43.486609910609367,171.93420939700809&mode=fastest;car;traffic:disabled'
